[LOG] System::create                           : Header version = 1.10.06. Current version = 1.10.06.
[LOG] Manager::init                            : maxchannels = 256 studioflags = 00000006 flags 00000000 extradriverdata 0000000000000000.
[LOG] SystemI::init                            : Initialize version=11006 (95384), maxchannels=256, flags=0x00020000
[LOG] SystemI::setOutputInternal               : Setting output to 'FMOD WASAPI Output'
[LOG] OutputWASAPI::init                       : Mix Format (WAVEFORMATEX): wFormatTag=0xFFFE, nChannels=2, nSamplesPerSec=48000, nAvgBytesPerSec=384000, nBlockAlign=8, wBitsPerSample=32, cbSize=22.
[LOG] OutputWASAPI::init                       : Mix Format (WAVEFORMATEXTENSIBLE): wValidBitsPerSample=32, dwChannelMask=0x00000003, SubFormat=00000003-0000-0010-8000-00AA00389B71.
[LOG] OutputWASAPI::init                       : Output buffer size: 4096 samples, latency: 0.00ms, period: 10.00ms, DSP buffer: 1024 * 4
[LOG] Thread::initThread                       : Init FMOD stream thread. Priority: 2, Stack Size: 65536, Semaphore: No, Sleep Time: 10, Looping: Yes.
[LOG] Thread::initThread                       : Init FMOD mixer thread. Priority: 3, Stack Size: 49152, Semaphore: No, Sleep Time: 0, Looping: Yes.
[LOG] AsyncManager::init                       : manager 000000007A1454D8 isAsync 0 updatePeriod 0.02
[LOG] AsyncManager::init                       : done
[LOG] PlaybackSystem::init                     : 
[LOG] Thread::initThread                       : Init FMOD Studio sample load thread. Priority: 0, Stack Size: 65536, Semaphore: No, Sleep Time: 1, Looping: No.
[LOG] PlaybackSystem::init                     : done
[LOG] Thread::initThread                       : Init FMOD Studio bank load thread. Priority: 0, Stack Size: 65536, Semaphore: No, Sleep Time: 1, Looping: No.
[LOG] Manager::init                            : done.
[LOG] Manager::readBank                        : fileversion = 100, compatVersion = 99 (oldest = 44, newest = 100)
[LOG] SystemI::createSoundInternal             : Create name='', mode=0x02000202
[LOG] SystemI::createSoundInternal             : exinfo->cbsize             = 232
[LOG] SystemI::createSoundInternal             : exinfo->length             = 242784
[LOG] SystemI::createSoundInternal             : exinfo->fileoffset         = 21312
[LOG] SystemI::createSoundInternal             : exinfo->numsubsounds       = 1
[LOG] SystemI::createSoundInternal             : exinfo->inclusionlist      = 0000000075DFF5FC
[LOG] SystemI::createSoundInternal             : exinfo->inclusionlistnum   = 1
[LOG] SystemI::createSoundInternal             : exinfo->suggestedsoundtype = 5
[LOG] SystemI::createSoundInternal             : exinfo->useropen           = 00007FFACEFEE4B0
[LOG] SystemI::createSoundInternal             : exinfo->userclose          = 00007FFACEFEE480
[LOG] SystemI::createSoundInternal             : exinfo->userread           = 00007FFACEFEE580
[LOG] SystemI::createSoundInternal             : exinfo->userseek           = 00007FFACEFEE640
[LOG] SystemI::createSoundInternal             : exinfo->fileuserdata       = 0000000011CA65B8
[LOG] SystemI::createSoundInternal             : exinfo->initialseekpostype = 1
[LOG] SystemI::DSPCodecPoolRegister            : register codec pool for pool type 5
[LOG] SystemI::createSoundInternal             : Sample 0/1: name='steps_4', format=2, channels=2, frequency=48000, lengthbytes=3072, lengthpcm=12000, pcmblocksize=0, loopstart=0, loopend=0, mode=0x00000000, channelmask=0x00000000, channelorder=0, peakvolume=0.429321.
[LOG] SystemI::createSoundInternal             : Create name='', mode=0x02000202
[LOG] SystemI::createSoundInternal             : exinfo->cbsize             = 232
[LOG] SystemI::createSoundInternal             : exinfo->length             = 242784
[LOG] SystemI::createSoundInternal             : exinfo->fileoffset         = 21312
[LOG] SystemI::createSoundInternal             : exinfo->numsubsounds       = 1
[LOG] SystemI::createSoundInternal             : exinfo->inclusionlist      = 0000000075DFF5FC
[LOG] SystemI::createSoundInternal             : exinfo->inclusionlistnum   = 1
[LOG] SystemI::createSoundInternal             : exinfo->suggestedsoundtype = 5
[LOG] SystemI::createSoundInternal             : exinfo->useropen           = 00007FFACEFEE4B0
[LOG] SystemI::createSoundInternal             : exinfo->userclose          = 00007FFACEFEE480
[LOG] SystemI::createSoundInternal             : exinfo->userread           = 00007FFACEFEE580
[LOG] SystemI::createSoundInternal             : exinfo->userseek           = 00007FFACEFEE640
[LOG] SystemI::createSoundInternal             : exinfo->fileuserdata       = 0000000011CA65B8
[LOG] SystemI::createSoundInternal             : exinfo->initialseekpostype = 1
[LOG] SystemI::DSPCodecPoolRegister            : register codec pool for pool type 5
[LOG] SystemI::createSoundInternal             : Sample 0/1: name='steps_33', format=2, channels=2, frequency=48000, lengthbytes=5120, lengthpcm=19450, pcmblocksize=0, loopstart=0, loopend=0, mode=0x00000000, channelmask=0x00000000, channelorder=0, peakvolume=0.623840.
[LOG] SystemI::createSoundInternal             : Create name='', mode=0x02000202
[LOG] SystemI::createSoundInternal             : exinfo->cbsize             = 232
[LOG] SystemI::createSoundInternal             : exinfo->length             = 242784
[LOG] SystemI::createSoundInternal             : exinfo->fileoffset         = 21312
[LOG] SystemI::createSoundInternal             : exinfo->numsubsounds       = 1
[LOG] SystemI::createSoundInternal             : exinfo->inclusionlist      = 0000000075DFF5FC
[LOG] SystemI::createSoundInternal             : exinfo->inclusionlistnum   = 1
[LOG] SystemI::createSoundInternal             : exinfo->suggestedsoundtype = 5
[LOG] SystemI::createSoundInternal             : exinfo->useropen           = 00007FFACEFEE4B0
[LOG] SystemI::createSoundInternal             : exinfo->userclose          = 00007FFACEFEE480
[LOG] SystemI::createSoundInternal             : exinfo->userread           = 00007FFACEFEE580
[LOG] SystemI::createSoundInternal             : exinfo->userseek           = 00007FFACEFEE640
[LOG] SystemI::createSoundInternal             : exinfo->fileuserdata       = 0000000011CA65B8
[LOG] SystemI::createSoundInternal             : exinfo->initialseekpostype = 1
[LOG] SystemI::DSPCodecPoolRegister            : register codec pool for pool type 5
[LOG] SystemI::createSoundInternal             : Sample 0/1: name='steps_5', format=2, channels=2, frequency=48000, lengthbytes=6304, lengthpcm=27000, pcmblocksize=0, loopstart=0, loopend=0, mode=0x00000000, channelmask=0x00000000, channelorder=0, peakvolume=0.395538.
[LOG] SystemI::createSoundInternal             : Create name='', mode=0x02000202
[LOG] SystemI::createSoundInternal             : exinfo->cbsize             = 232
[LOG] SystemI::createSoundInternal             : exinfo->length             = 242784
[LOG] SystemI::createSoundInternal             : exinfo->fileoffset         = 21312
[LOG] SystemI::createSoundInternal             : exinfo->numsubsounds       = 1
[LOG] SystemI::createSoundInternal             : exinfo->inclusionlist      = 0000000075DFF5FC
[LOG] SystemI::createSoundInternal             : exinfo->inclusionlistnum   = 1
[LOG] SystemI::createSoundInternal             : exinfo->suggestedsoundtype = 5
[LOG] SystemI::createSoundInternal             : exinfo->useropen           = 00007FFACEFEE4B0
[LOG] SystemI::createSoundInternal             : exinfo->userclose          = 00007FFACEFEE480
[LOG] SystemI::createSoundInternal             : exinfo->userread           = 00007FFACEFEE580
[LOG] SystemI::createSoundInternal             : exinfo->userseek           = 00007FFACEFEE640
[LOG] SystemI::createSoundInternal             : exinfo->fileuserdata       = 0000000011CA65B8
[LOG] SystemI::createSoundInternal             : exinfo->initialseekpostype = 1
[LOG] SystemI::DSPCodecPoolRegister            : register codec pool for pool type 5
[LOG] SystemI::createSoundInternal             : Sample 0/1: name='steps_6', format=2, channels=2, frequency=48000, lengthbytes=6688, lengthpcm=30000, pcmblocksize=0, loopstart=0, loopend=0, mode=0x00000000, channelmask=0x00000000, channelorder=0, peakvolume=0.404602.
[LOG] SystemI::createSoundInternal             : Create name='', mode=0x02000202
[LOG] SystemI::createSoundInternal             : exinfo->cbsize             = 232
[LOG] SystemI::createSoundInternal             : exinfo->length             = 242784
[LOG] SystemI::createSoundInternal             : exinfo->fileoffset         = 21312
[LOG] SystemI::createSoundInternal             : exinfo->numsubsounds       = 1
[LOG] SystemI::createSoundInternal             : exinfo->inclusionlist      = 0000000075DFF5FC
[LOG] SystemI::createSoundInternal             : exinfo->inclusionlistnum   = 1
[LOG] SystemI::createSoundInternal             : exinfo->suggestedsoundtype = 5
[LOG] SystemI::createSoundInternal             : exinfo->useropen           = 00007FFACEFEE4B0
[LOG] SystemI::createSoundInternal             : exinfo->userclose          = 00007FFACEFEE480
[LOG] SystemI::createSoundInternal             : exinfo->userread           = 00007FFACEFEE580
[LOG] SystemI::createSoundInternal             : exinfo->userseek           = 00007FFACEFEE640
[LOG] SystemI::createSoundInternal             : exinfo->fileuserdata       = 0000000011CA65B8
[LOG] SystemI::createSoundInternal             : exinfo->initialseekpostype = 1
[LOG] SystemI::DSPCodecPoolRegister            : register codec pool for pool type 5
[LOG] SystemI::createSoundInternal             : Sample 0/1: name='steps_31', format=2, channels=2, frequency=48000, lengthbytes=2848, lengthpcm=10333, pcmblocksize=0, loopstart=0, loopend=0, mode=0x00000000, channelmask=0x00000000, channelorder=0, peakvolume=0.420929.
[LOG] SystemI::createSoundInternal             : Create name='', mode=0x02000202
[LOG] SystemI::createSoundInternal             : exinfo->cbsize             = 232
[LOG] SystemI::createSoundInternal             : exinfo->length             = 242784
[LOG] SystemI::createSoundInternal             : exinfo->fileoffset         = 21312
[LOG] SystemI::createSoundInternal             : exinfo->numsubsounds       = 1
[LOG] SystemI::createSoundInternal             : exinfo->inclusionlist      = 0000000075DFF5FC
[LOG] SystemI::createSoundInternal             : exinfo->inclusionlistnum   = 1
[LOG] SystemI::createSoundInternal             : exinfo->suggestedsoundtype = 5
[LOG] SystemI::createSoundInternal             : exinfo->useropen           = 00007FFACEFEE4B0
[LOG] SystemI::createSoundInternal             : exinfo->userclose          = 00007FFACEFEE480
[LOG] SystemI::createSoundInternal             : exinfo->userread           = 00007FFACEFEE580
[LOG] SystemI::createSoundInternal             : exinfo->userseek           = 00007FFACEFEE640
[LOG] SystemI::createSoundInternal             : exinfo->fileuserdata       = 0000000011CA65B8
[LOG] SystemI::createSoundInternal             : exinfo->initialseekpostype = 1
[LOG] SystemI::DSPCodecPoolRegister            : register codec pool for pool type 5
[LOG] SystemI::createSoundInternal             : Sample 0/1: name='steps_32', format=2, channels=2, frequency=48000, lengthbytes=3872, lengthpcm=14440, pcmblocksize=0, loopstart=0, loopend=0, mode=0x00000000, channelmask=0x00000000, channelorder=0, peakvolume=0.317993.
[LOG] SystemI::createSoundInternal             : Create name='', mode=0x02000202
[LOG] SystemI::createSoundInternal             : exinfo->cbsize             = 232
[LOG] SystemI::createSoundInternal             : exinfo->length             = 242784
[LOG] SystemI::createSoundInternal             : exinfo->fileoffset         = 21312
[LOG] SystemI::createSoundInternal             : exinfo->numsubsounds       = 1
[LOG] SystemI::createSoundInternal             : exinfo->inclusionlist      = 0000000075DFF5FC
[LOG] SystemI::createSoundInternal             : exinfo->inclusionlistnum   = 1
[LOG] SystemI::createSoundInternal             : exinfo->suggestedsoundtype = 5
[LOG] SystemI::createSoundInternal             : exinfo->useropen           = 00007FFACEFEE4B0
[LOG] SystemI::createSoundInternal             : exinfo->userclose          = 00007FFACEFEE480
[LOG] SystemI::createSoundInternal             : exinfo->userread           = 00007FFACEFEE580
[LOG] SystemI::createSoundInternal             : exinfo->userseek           = 00007FFACEFEE640
[LOG] SystemI::createSoundInternal             : exinfo->fileuserdata       = 0000000011CA65B8
[LOG] SystemI::createSoundInternal             : exinfo->initialseekpostype = 1
[LOG] SystemI::DSPCodecPoolRegister            : register codec pool for pool type 5
[LOG] SystemI::createSoundInternal             : Sample 0/1: name='steps_30', format=2, channels=2, frequency=48000, lengthbytes=4128, lengthpcm=15633, pcmblocksize=0, loopstart=0, loopend=0, mode=0x00000000, channelmask=0x00000000, channelorder=0, peakvolume=0.473846.
[LOG] SystemI::createSoundInternal             : Create name='', mode=0x02000202
[LOG] SystemI::createSoundInternal             : exinfo->cbsize             = 232
[LOG] SystemI::createSoundInternal             : exinfo->length             = 242784
[LOG] SystemI::createSoundInternal             : exinfo->fileoffset         = 21312
[LOG] SystemI::createSoundInternal             : exinfo->numsubsounds       = 1
[LOG] SystemI::createSoundInternal             : exinfo->inclusionlist      = 0000000075DFF5FC
[LOG] SystemI::createSoundInternal             : exinfo->inclusionlistnum   = 1
[LOG] SystemI::createSoundInternal             : exinfo->suggestedsoundtype = 5
[LOG] SystemI::createSoundInternal             : exinfo->useropen           = 00007FFACEFEE4B0
[LOG] SystemI::createSoundInternal             : exinfo->userclose          = 00007FFACEFEE480
[LOG] SystemI::createSoundInternal             : exinfo->userread           = 00007FFACEFEE580
[LOG] SystemI::createSoundInternal             : exinfo->userseek           = 00007FFACEFEE640
[LOG] SystemI::createSoundInternal             : exinfo->fileuserdata       = 0000000011CA65B8
[LOG] SystemI::createSoundInternal             : exinfo->initialseekpostype = 1
[LOG] SystemI::DSPCodecPoolRegister            : register codec pool for pool type 5
[LOG] SystemI::createSoundInternal             : Sample 0/1: name='steps_22', format=2, channels=2, frequency=48000, lengthbytes=2432, lengthpcm=10599, pcmblocksize=0, loopstart=0, loopend=0, mode=0x00000000, channelmask=0x00000000, channelorder=0, peakvolume=0.499146.
[LOG] SystemI::createSoundInternal             : Create name='', mode=0x02000202
[LOG] SystemI::createSoundInternal             : exinfo->cbsize             = 232
[LOG] SystemI::createSoundInternal             : exinfo->length             = 242784
[LOG] SystemI::createSoundInternal             : exinfo->fileoffset         = 21312
[LOG] SystemI::createSoundInternal             : exinfo->numsubsounds       = 1
[LOG] SystemI::createSoundInternal             : exinfo->inclusionlist      = 0000000075DFF5FC
[LOG] SystemI::createSoundInternal             : exinfo->inclusionlistnum   = 1
[LOG] SystemI::createSoundInternal             : exinfo->suggestedsoundtype = 5
[LOG] SystemI::createSoundInternal             : exinfo->useropen           = 00007FFACEFEE4B0
[LOG] SystemI::createSoundInternal             : exinfo->userclose          = 00007FFACEFEE480
[LOG] SystemI::createSoundInternal             : exinfo->userread           = 00007FFACEFEE580
[LOG] SystemI::createSoundInternal             : exinfo->userseek           = 00007FFACEFEE640
[LOG] SystemI::createSoundInternal             : exinfo->fileuserdata       = 0000000011CA65B8
[LOG] SystemI::createSoundInternal             : exinfo->initialseekpostype = 1
[LOG] SystemI::DSPCodecPoolRegister            : register codec pool for pool type 5
[LOG] SystemI::createSoundInternal             : Sample 0/1: name='steps_1', format=2, channels=2, frequency=48000, lengthbytes=5184, lengthpcm=24000, pcmblocksize=0, loopstart=0, loopend=0, mode=0x00000000, channelmask=0x00000000, channelorder=0, peakvolume=0.489685.
[LOG] SystemI::createSoundInternal             : Create name='', mode=0x02000202
[LOG] SystemI::createSoundInternal             : exinfo->cbsize             = 232
[LOG] SystemI::createSoundInternal             : exinfo->length             = 242784
[LOG] SystemI::createSoundInternal             : exinfo->fileoffset         = 21312
[LOG] SystemI::createSoundInternal             : exinfo->numsubsounds       = 1
[LOG] SystemI::createSoundInternal             : exinfo->inclusionlist      = 0000000075DFF5FC
[LOG] SystemI::createSoundInternal             : exinfo->inclusionlistnum   = 1
[LOG] SystemI::createSoundInternal             : exinfo->suggestedsoundtype = 5
[LOG] SystemI::createSoundInternal             : exinfo->useropen           = 00007FFACEFEE4B0
[LOG] SystemI::createSoundInternal             : exinfo->userclose          = 00007FFACEFEE480
[LOG] SystemI::createSoundInternal             : exinfo->userread           = 00007FFACEFEE580
[LOG] SystemI::createSoundInternal             : exinfo->userseek           = 00007FFACEFEE640
[LOG] SystemI::createSoundInternal             : exinfo->fileuserdata       = 0000000011CA65B8
[LOG] SystemI::createSoundInternal             : exinfo->initialseekpostype = 1
[LOG] SystemI::DSPCodecPoolRegister            : register codec pool for pool type 5
[LOG] SystemI::createSoundInternal             : Sample 0/1: name='steps_8', format=2, channels=2, frequency=48000, lengthbytes=4032, lengthpcm=18000, pcmblocksize=0, loopstart=0, loopend=0, mode=0x00000000, channelmask=0x00000000, channelorder=0, peakvolume=0.724426.
[LOG] SystemI::createSoundInternal             : Create name='', mode=0x02000202
[LOG] SystemI::createSoundInternal             : exinfo->cbsize             = 232
[LOG] SystemI::createSoundInternal             : exinfo->length             = 242784
[LOG] SystemI::createSoundInternal             : exinfo->fileoffset         = 21312
[LOG] SystemI::createSoundInternal             : exinfo->numsubsounds       = 1
[LOG] SystemI::createSoundInternal             : exinfo->inclusionlist      = 0000000075DFF5FC
[LOG] SystemI::createSoundInternal             : exinfo->inclusionlistnum   = 1
[LOG] SystemI::createSoundInternal             : exinfo->suggestedsoundtype = 5
[LOG] SystemI::createSoundInternal             : exinfo->useropen           = 00007FFACEFEE4B0
[LOG] SystemI::createSoundInternal             : exinfo->userclose          = 00007FFACEFEE480
[LOG] SystemI::createSoundInternal             : exinfo->userread           = 00007FFACEFEE580
[LOG] SystemI::createSoundInternal             : exinfo->userseek           = 00007FFACEFEE640
[LOG] SystemI::createSoundInternal             : exinfo->fileuserdata       = 0000000011CA65B8
[LOG] SystemI::createSoundInternal             : exinfo->initialseekpostype = 1
[LOG] SystemI::DSPCodecPoolRegister            : register codec pool for pool type 5
[LOG] SystemI::createSoundInternal             : Sample 0/1: name='steps_9', format=2, channels=2, frequency=48000, lengthbytes=6496, lengthpcm=24000, pcmblocksize=0, loopstart=0, loopend=0, mode=0x00000000, channelmask=0x00000000, channelorder=0, peakvolume=0.407593.
[LOG] SystemI::createSoundInternal             : Create name='', mode=0x02000202
[LOG] SystemI::createSoundInternal             : exinfo->cbsize             = 232
[LOG] SystemI::createSoundInternal             : exinfo->length             = 242784
[LOG] SystemI::createSoundInternal             : exinfo->fileoffset         = 21312
[LOG] SystemI::createSoundInternal             : exinfo->numsubsounds       = 1
[LOG] SystemI::createSoundInternal             : exinfo->inclusionlist      = 0000000075DFF5FC
[LOG] SystemI::createSoundInternal             : exinfo->inclusionlistnum   = 1
[LOG] SystemI::createSoundInternal             : exinfo->suggestedsoundtype = 5
[LOG] SystemI::createSoundInternal             : exinfo->useropen           = 00007FFACEFEE4B0
[LOG] SystemI::createSoundInternal             : exinfo->userclose          = 00007FFACEFEE480
[LOG] SystemI::createSoundInternal             : exinfo->userread           = 00007FFACEFEE580
[LOG] SystemI::createSoundInternal             : exinfo->userseek           = 00007FFACEFEE640
[LOG] SystemI::createSoundInternal             : exinfo->fileuserdata       = 0000000011CA65B8
[LOG] SystemI::createSoundInternal             : exinfo->initialseekpostype = 1
[LOG] SystemI::DSPCodecPoolRegister            : register codec pool for pool type 5
[LOG] SystemI::createSoundInternal             : Sample 0/1: name='steps_2', format=2, channels=2, frequency=48000, lengthbytes=3424, lengthpcm=15000, pcmblocksize=0, loopstart=0, loopend=0, mode=0x00000000, channelmask=0x00000000, channelorder=0, peakvolume=0.391357.
[LOG] SystemI::createSoundInternal             : Create name='', mode=0x02000202
[LOG] SystemI::createSoundInternal             : exinfo->cbsize             = 232
[LOG] SystemI::createSoundInternal             : exinfo->length             = 242784
[LOG] SystemI::createSoundInternal             : exinfo->fileoffset         = 21312
[LOG] SystemI::createSoundInternal             : exinfo->numsubsounds       = 1
[LOG] SystemI::createSoundInternal             : exinfo->inclusionlist      = 0000000075DFF5FC
[LOG] SystemI::createSoundInternal             : exinfo->inclusionlistnum   = 1
[LOG] SystemI::createSoundInternal             : exinfo->suggestedsoundtype = 5
[LOG] SystemI::createSoundInternal             : exinfo->useropen           = 00007FFACEFEE4B0
[LOG] SystemI::createSoundInternal             : exinfo->userclose          = 00007FFACEFEE480
[LOG] SystemI::createSoundInternal             : exinfo->userread           = 00007FFACEFEE580
[LOG] SystemI::createSoundInternal             : exinfo->userseek           = 00007FFACEFEE640
[LOG] SystemI::createSoundInternal             : exinfo->fileuserdata       = 0000000011CA65B8
[LOG] SystemI::createSoundInternal             : exinfo->initialseekpostype = 1
[LOG] SystemI::DSPCodecPoolRegister            : register codec pool for pool type 5
[LOG] SystemI::createSoundInternal             : Sample 0/1: name='steps_24', format=2, channels=2, frequency=48000, lengthbytes=2784, lengthpcm=12188, pcmblocksize=0, loopstart=0, loopend=0, mode=0x00000000, channelmask=0x00000000, channelorder=0, peakvolume=0.687378.
[LOG] SystemI::createSoundInternal             : Create name='', mode=0x02000202
[LOG] SystemI::createSoundInternal             : exinfo->cbsize             = 232
[LOG] SystemI::createSoundInternal             : exinfo->length             = 242784
[LOG] SystemI::createSoundInternal             : exinfo->fileoffset         = 21312
[LOG] SystemI::createSoundInternal             : exinfo->numsubsounds       = 1
[LOG] SystemI::createSoundInternal             : exinfo->inclusionlist      = 0000000075DFF5FC
[LOG] SystemI::createSoundInternal             : exinfo->inclusionlistnum   = 1
[LOG] SystemI::createSoundInternal             : exinfo->suggestedsoundtype = 5
[LOG] SystemI::createSoundInternal             : exinfo->useropen           = 00007FFACEFEE4B0
[LOG] SystemI::createSoundInternal             : exinfo->userclose          = 00007FFACEFEE480
[LOG] SystemI::createSoundInternal             : exinfo->userread           = 00007FFACEFEE580
[LOG] SystemI::createSoundInternal             : exinfo->userseek           = 00007FFACEFEE640
[LOG] SystemI::createSoundInternal             : exinfo->fileuserdata       = 0000000011CA65B8
[LOG] SystemI::createSoundInternal             : exinfo->initialseekpostype = 1
[LOG] SystemI::DSPCodecPoolRegister            : register codec pool for pool type 5
[LOG] SystemI::createSoundInternal             : Sample 0/1: name='steps_25', format=2, channels=2, frequency=48000, lengthbytes=3328, lengthpcm=12321, pcmblocksize=0, loopstart=0, loopend=0, mode=0x00000000, channelmask=0x00000000, channelorder=0, peakvolume=0.346375.
[LOG] SystemI::createSoundInternal             : Create name='', mode=0x02000202
[LOG] SystemI::createSoundInternal             : exinfo->cbsize             = 232
[LOG] SystemI::createSoundInternal             : exinfo->length             = 242784
[LOG] SystemI::createSoundInternal             : exinfo->fileoffset         = 21312
[LOG] SystemI::createSoundInternal             : exinfo->numsubsounds       = 1
[LOG] SystemI::createSoundInternal             : exinfo->inclusionlist      = 0000000075DFF5FC
[LOG] SystemI::createSoundInternal             : exinfo->inclusionlistnum   = 1
[LOG] SystemI::createSoundInternal             : exinfo->suggestedsoundtype = 5
[LOG] SystemI::createSoundInternal             : exinfo->useropen           = 00007FFACEFEE4B0
[LOG] SystemI::createSoundInternal             : exinfo->userclose          = 00007FFACEFEE480
[LOG] SystemI::createSoundInternal             : exinfo->userread           = 00007FFACEFEE580
[LOG] SystemI::createSoundInternal             : exinfo->userseek           = 00007FFACEFEE640
[LOG] SystemI::createSoundInternal             : exinfo->fileuserdata       = 0000000011CA65B8
[LOG] SystemI::createSoundInternal             : exinfo->initialseekpostype = 1
[LOG] SystemI::DSPCodecPoolRegister            : register codec pool for pool type 5
[LOG] SystemI::createSoundInternal             : Sample 0/1: name='steps_16', format=2, channels=2, frequency=48000, lengthbytes=2400, lengthpcm=9000, pcmblocksize=0, loopstart=0, loopend=0, mode=0x00000000, channelmask=0x00000000, channelorder=0, peakvolume=0.394409.
[LOG] SystemI::createSoundInternal             : Create name='', mode=0x02000202
[LOG] SystemI::createSoundInternal             : exinfo->cbsize             = 232
[LOG] SystemI::createSoundInternal             : exinfo->length             = 242784
[LOG] SystemI::createSoundInternal             : exinfo->fileoffset         = 21312
[LOG] SystemI::createSoundInternal             : exinfo->numsubsounds       = 1
[LOG] SystemI::createSoundInternal             : exinfo->inclusionlist      = 0000000075DFF5FC
[LOG] SystemI::createSoundInternal             : exinfo->inclusionlistnum   = 1
[LOG] SystemI::createSoundInternal             : exinfo->suggestedsoundtype = 5
[LOG] SystemI::createSoundInternal             : exinfo->useropen           = 00007FFACEFEE4B0
[LOG] SystemI::createSoundInternal             : exinfo->userclose          = 00007FFACEFEE480
[LOG] SystemI::createSoundInternal             : exinfo->userread           = 00007FFACEFEE580
[LOG] SystemI::createSoundInternal             : exinfo->userseek           = 00007FFACEFEE640
[LOG] SystemI::createSoundInternal             : exinfo->fileuserdata       = 0000000011CA65B8
[LOG] SystemI::createSoundInternal             : exinfo->initialseekpostype = 1
[LOG] SystemI::DSPCodecPoolRegister            : register codec pool for pool type 5
[LOG] SystemI::createSoundInternal             : Sample 0/1: name='steps_19', format=2, channels=2, frequency=48000, lengthbytes=4000, lengthpcm=16030, pcmblocksize=0, loopstart=0, loopend=0, mode=0x00000000, channelmask=0x00000000, channelorder=0, peakvolume=0.647583.
[LOG] SystemI::createSoundInternal             : Create name='', mode=0x02000202
[LOG] SystemI::createSoundInternal             : exinfo->cbsize             = 232
[LOG] SystemI::createSoundInternal             : exinfo->length             = 242784
[LOG] SystemI::createSoundInternal             : exinfo->fileoffset         = 21312
[LOG] SystemI::createSoundInternal             : exinfo->numsubsounds       = 1
[LOG] SystemI::createSoundInternal             : exinfo->inclusionlist      = 0000000075DFF5FC
[LOG] SystemI::createSoundInternal             : exinfo->inclusionlistnum   = 1
[LOG] SystemI::createSoundInternal             : exinfo->suggestedsoundtype = 5
[LOG] SystemI::createSoundInternal             : exinfo->useropen           = 00007FFACEFEE4B0
[LOG] SystemI::createSoundInternal             : exinfo->userclose          = 00007FFACEFEE480
[LOG] SystemI::createSoundInternal             : exinfo->userread           = 00007FFACEFEE580
[LOG] SystemI::createSoundInternal             : exinfo->userseek           = 00007FFACEFEE640
[LOG] SystemI::createSoundInternal             : exinfo->fileuserdata       = 0000000011CA65B8
[LOG] SystemI::createSoundInternal             : exinfo->initialseekpostype = 1
[LOG] SystemI::DSPCodecPoolRegister            : register codec pool for pool type 5
[LOG] SystemI::createSoundInternal             : Sample 0/1: name='steps_20', format=2, channels=2, frequency=48000, lengthbytes=3776, lengthpcm=13512, pcmblocksize=0, loopstart=0, loopend=0, mode=0x00000000, channelmask=0x00000000, channelorder=0, peakvolume=0.311188.
[LOG] SystemI::createSoundInternal             : Create name='', mode=0x02000202
[LOG] SystemI::createSoundInternal             : exinfo->cbsize             = 232
[LOG] SystemI::createSoundInternal             : exinfo->length             = 242784
[LOG] SystemI::createSoundInternal             : exinfo->fileoffset         = 21312
[LOG] SystemI::createSoundInternal             : exinfo->numsubsounds       = 1
[LOG] SystemI::createSoundInternal             : exinfo->inclusionlist      = 0000000075DFF5FC
[LOG] SystemI::createSoundInternal             : exinfo->inclusionlistnum   = 1
[LOG] SystemI::createSoundInternal             : exinfo->suggestedsoundtype = 5
[LOG] SystemI::createSoundInternal             : exinfo->useropen           = 00007FFACEFEE4B0
[LOG] SystemI::createSoundInternal             : exinfo->userclose          = 00007FFACEFEE480
[LOG] SystemI::createSoundInternal             : exinfo->userread           = 00007FFACEFEE580
[LOG] SystemI::createSoundInternal             : exinfo->userseek           = 00007FFACEFEE640
[LOG] SystemI::createSoundInternal             : exinfo->fileuserdata       = 0000000011CA65B8
[LOG] SystemI::createSoundInternal             : exinfo->initialseekpostype = 1
[LOG] SystemI::DSPCodecPoolRegister            : register codec pool for pool type 5
[LOG] SystemI::createSoundInternal             : Sample 0/1: name='steps_7', format=2, channels=2, frequency=48000, lengthbytes=3872, lengthpcm=18000, pcmblocksize=0, loopstart=0, loopend=0, mode=0x00000000, channelmask=0x00000000, channelorder=0, peakvolume=0.349121.
[LOG] SystemI::createSoundInternal             : Create name='', mode=0x02000202
[LOG] SystemI::createSoundInternal             : exinfo->cbsize             = 232
[LOG] SystemI::createSoundInternal             : exinfo->length             = 242784
[LOG] SystemI::createSoundInternal             : exinfo->fileoffset         = 21312
[LOG] SystemI::createSoundInternal             : exinfo->numsubsounds       = 1
[LOG] SystemI::createSoundInternal             : exinfo->inclusionlist      = 0000000075DFF5FC
[LOG] SystemI::createSoundInternal             : exinfo->inclusionlistnum   = 1
[LOG] SystemI::createSoundInternal             : exinfo->suggestedsoundtype = 5
[LOG] SystemI::createSoundInternal             : exinfo->useropen           = 00007FFACEFEE4B0
[LOG] SystemI::createSoundInternal             : exinfo->userclose          = 00007FFACEFEE480
[LOG] SystemI::createSoundInternal             : exinfo->userread           = 00007FFACEFEE580
[LOG] SystemI::createSoundInternal             : exinfo->userseek           = 00007FFACEFEE640
[LOG] SystemI::createSoundInternal             : exinfo->fileuserdata       = 0000000011CA65B8
[LOG] SystemI::createSoundInternal             : exinfo->initialseekpostype = 1
[LOG] SystemI::DSPCodecPoolRegister            : register codec pool for pool type 5
[LOG] SystemI::createSoundInternal             : Sample 0/1: name='steps_23', format=2, channels=2, frequency=48000, lengthbytes=4800, lengthpcm=19077, pcmblocksize=0, loopstart=0, loopend=0, mode=0x00000000, channelmask=0x00000000, channelorder=0, peakvolume=0.636547.
[LOG] SystemI::createSoundInternal             : Create name='', mode=0x02000202
[LOG] SystemI::createSoundInternal             : exinfo->cbsize             = 232
[LOG] SystemI::createSoundInternal             : exinfo->length             = 242784
[LOG] SystemI::createSoundInternal             : exinfo->fileoffset         = 21312
[LOG] SystemI::createSoundInternal             : exinfo->numsubsounds       = 1
[LOG] SystemI::createSoundInternal             : exinfo->inclusionlist      = 0000000075DFF5FC
[LOG] SystemI::createSoundInternal             : exinfo->inclusionlistnum   = 1
[LOG] SystemI::createSoundInternal             : exinfo->suggestedsoundtype = 5
[LOG] SystemI::createSoundInternal             : exinfo->useropen           = 00007FFACEFEE4B0
[LOG] SystemI::createSoundInternal             : exinfo->userclose          = 00007FFACEFEE480
[LOG] SystemI::createSoundInternal             : exinfo->userread           = 00007FFACEFEE580
[LOG] SystemI::createSoundInternal             : exinfo->userseek           = 00007FFACEFEE640
[LOG] SystemI::createSoundInternal             : exinfo->fileuserdata       = 0000000011CA65B8
[LOG] SystemI::createSoundInternal             : exinfo->initialseekpostype = 1
[LOG] SystemI::DSPCodecPoolRegister            : register codec pool for pool type 5
[LOG] SystemI::createSoundInternal             : Sample 0/1: name='steps_34', format=2, channels=2, frequency=48000, lengthbytes=4320, lengthpcm=18138, pcmblocksize=0, loopstart=0, loopend=0, mode=0x00000000, channelmask=0x00000000, channelorder=0, peakvolume=0.323517.
[LOG] SystemI::createSoundInternal             : Create name='', mode=0x02000202
[LOG] SystemI::createSoundInternal             : exinfo->cbsize             = 232
[LOG] SystemI::createSoundInternal             : exinfo->length             = 242784
[LOG] SystemI::createSoundInternal             : exinfo->fileoffset         = 21312
[LOG] SystemI::createSoundInternal             : exinfo->numsubsounds       = 1
[LOG] SystemI::createSoundInternal             : exinfo->inclusionlist      = 0000000075DFF5FC
[LOG] SystemI::createSoundInternal             : exinfo->inclusionlistnum   = 1
[LOG] SystemI::createSoundInternal             : exinfo->suggestedsoundtype = 5
[LOG] SystemI::createSoundInternal             : exinfo->useropen           = 00007FFACEFEE4B0
[LOG] SystemI::createSoundInternal             : exinfo->userclose          = 00007FFACEFEE480
[LOG] SystemI::createSoundInternal             : exinfo->userread           = 00007FFACEFEE580
[LOG] SystemI::createSoundInternal             : exinfo->userseek           = 00007FFACEFEE640
[LOG] SystemI::createSoundInternal             : exinfo->fileuserdata       = 0000000011CA65B8
[LOG] SystemI::createSoundInternal             : exinfo->initialseekpostype = 1
[LOG] SystemI::DSPCodecPoolRegister            : register codec pool for pool type 5
[LOG] SystemI::createSoundInternal             : Sample 0/1: name='steps_27', format=2, channels=2, frequency=48000, lengthbytes=3232, lengthpcm=13645, pcmblocksize=0, loopstart=0, loopend=0, mode=0x00000000, channelmask=0x00000000, channelorder=0, peakvolume=0.840393.
[LOG] SystemI::createSoundInternal             : Create name='', mode=0x02000202
[LOG] SystemI::createSoundInternal             : exinfo->cbsize             = 232
[LOG] SystemI::createSoundInternal             : exinfo->length             = 242784
[LOG] SystemI::createSoundInternal             : exinfo->fileoffset         = 21312
[LOG] SystemI::createSoundInternal             : exinfo->numsubsounds       = 1
[LOG] SystemI::createSoundInternal             : exinfo->inclusionlist      = 0000000075DFF5FC
[LOG] SystemI::createSoundInternal             : exinfo->inclusionlistnum   = 1
[LOG] SystemI::createSoundInternal             : exinfo->suggestedsoundtype = 5
[LOG] SystemI::createSoundInternal             : exinfo->useropen           = 00007FFACEFEE4B0
[LOG] SystemI::createSoundInternal             : exinfo->userclose          = 00007FFACEFEE480
[LOG] SystemI::createSoundInternal             : exinfo->userread           = 00007FFACEFEE580
[LOG] SystemI::createSoundInternal             : exinfo->userseek           = 00007FFACEFEE640
[LOG] SystemI::createSoundInternal             : exinfo->fileuserdata       = 0000000011CA65B8
[LOG] SystemI::createSoundInternal             : exinfo->initialseekpostype = 1
[LOG] SystemI::DSPCodecPoolRegister            : register codec pool for pool type 5
[LOG] SystemI::createSoundInternal             : Sample 0/1: name='steps_17', format=2, channels=2, frequency=48000, lengthbytes=2144, lengthpcm=9000, pcmblocksize=0, loopstart=0, loopend=0, mode=0x00000000, channelmask=0x00000000, channelorder=0, peakvolume=0.305176.
[LOG] SystemI::createSoundInternal             : Create name='', mode=0x02000202
[LOG] SystemI::createSoundInternal             : exinfo->cbsize             = 232
[LOG] SystemI::createSoundInternal             : exinfo->length             = 242784
[LOG] SystemI::createSoundInternal             : exinfo->fileoffset         = 21312
[LOG] SystemI::createSoundInternal             : exinfo->numsubsounds       = 1
[LOG] SystemI::createSoundInternal             : exinfo->inclusionlist      = 0000000075DFF5FC
[LOG] SystemI::createSoundInternal             : exinfo->inclusionlistnum   = 1
[LOG] SystemI::createSoundInternal             : exinfo->suggestedsoundtype = 5
[LOG] SystemI::createSoundInternal             : exinfo->useropen           = 00007FFACEFEE4B0
[LOG] SystemI::createSoundInternal             : exinfo->userclose          = 00007FFACEFEE480
[LOG] SystemI::createSoundInternal             : exinfo->userread           = 00007FFACEFEE580
[LOG] SystemI::createSoundInternal             : exinfo->userseek           = 00007FFACEFEE640
[LOG] SystemI::createSoundInternal             : exinfo->fileuserdata       = 0000000011CA65B8
[LOG] SystemI::createSoundInternal             : exinfo->initialseekpostype = 1
[LOG] SystemI::DSPCodecPoolRegister            : register codec pool for pool type 5
[LOG] SystemI::createSoundInternal             : Sample 0/1: name='steps_15', format=2, channels=2, frequency=48000, lengthbytes=2112, lengthpcm=9000, pcmblocksize=0, loopstart=0, loopend=0, mode=0x00000000, channelmask=0x00000000, channelorder=0, peakvolume=0.443573.
[LOG] SystemI::createSoundInternal             : Create name='', mode=0x02000202
[LOG] SystemI::createSoundInternal             : exinfo->cbsize             = 232
[LOG] SystemI::createSoundInternal             : exinfo->length             = 242784
[LOG] SystemI::createSoundInternal             : exinfo->fileoffset         = 21312
[LOG] SystemI::createSoundInternal             : exinfo->numsubsounds       = 1
[LOG] SystemI::createSoundInternal             : exinfo->inclusionlist      = 0000000075DFF5FC
[LOG] SystemI::createSoundInternal             : exinfo->inclusionlistnum   = 1
[LOG] SystemI::createSoundInternal             : exinfo->suggestedsoundtype = 5
[LOG] SystemI::createSoundInternal             : exinfo->useropen           = 00007FFACEFEE4B0
[LOG] SystemI::createSoundInternal             : exinfo->userclose          = 00007FFACEFEE480
[LOG] SystemI::createSoundInternal             : exinfo->userread           = 00007FFACEFEE580
[LOG] SystemI::createSoundInternal             : exinfo->userseek           = 00007FFACEFEE640
[LOG] SystemI::createSoundInternal             : exinfo->fileuserdata       = 0000000011CA65B8
[LOG] SystemI::createSoundInternal             : exinfo->initialseekpostype = 1
[LOG] SystemI::DSPCodecPoolRegister            : register codec pool for pool type 5
[LOG] SystemI::createSoundInternal             : Sample 0/1: name='steps_26', format=2, channels=2, frequency=48000, lengthbytes=3040, lengthpcm=10863, pcmblocksize=0, loopstart=0, loopend=0, mode=0x00000000, channelmask=0x00000000, channelorder=0, peakvolume=0.418671.
[LOG] SystemI::createSoundInternal             : Create name='', mode=0x02000202
[LOG] SystemI::createSoundInternal             : exinfo->cbsize             = 232
[LOG] SystemI::createSoundInternal             : exinfo->length             = 242784
[LOG] SystemI::createSoundInternal             : exinfo->fileoffset         = 21312
[LOG] SystemI::createSoundInternal             : exinfo->numsubsounds       = 1
[LOG] SystemI::createSoundInternal             : exinfo->inclusionlist      = 0000000075DFF5FC
[LOG] SystemI::createSoundInternal             : exinfo->inclusionlistnum   = 1
[LOG] SystemI::createSoundInternal             : exinfo->suggestedsoundtype = 5
[LOG] SystemI::createSoundInternal             : exinfo->useropen           = 00007FFACEFEE4B0
[LOG] SystemI::createSoundInternal             : exinfo->userclose          = 00007FFACEFEE480
[LOG] SystemI::createSoundInternal             : exinfo->userread           = 00007FFACEFEE580
[LOG] SystemI::createSoundInternal             : exinfo->userseek           = 00007FFACEFEE640
[LOG] SystemI::createSoundInternal             : exinfo->fileuserdata       = 0000000011CA65B8
[LOG] SystemI::createSoundInternal             : exinfo->initialseekpostype = 1
[LOG] SystemI::DSPCodecPoolRegister            : register codec pool for pool type 5
[LOG] SystemI::createSoundInternal             : Sample 0/1: name='steps_12', format=2, channels=2, frequency=48000, lengthbytes=5856, lengthpcm=24000, pcmblocksize=0, loopstart=0, loopend=0, mode=0x00000000, channelmask=0x00000000, channelorder=0, peakvolume=0.329163.
[LOG] SystemI::createSoundInternal             : Create name='', mode=0x02000202
[LOG] SystemI::createSoundInternal             : exinfo->cbsize             = 232
[LOG] SystemI::createSoundInternal             : exinfo->length             = 242784
[LOG] SystemI::createSoundInternal             : exinfo->fileoffset         = 21312
[LOG] SystemI::createSoundInternal             : exinfo->numsubsounds       = 1
[LOG] SystemI::createSoundInternal             : exinfo->inclusionlist      = 0000000075DFF5FC
[LOG] SystemI::createSoundInternal             : exinfo->inclusionlistnum   = 1
[LOG] SystemI::createSoundInternal             : exinfo->suggestedsoundtype = 5
[LOG] SystemI::createSoundInternal             : exinfo->useropen           = 00007FFACEFEE4B0
[LOG] SystemI::createSoundInternal             : exinfo->userclose          = 00007FFACEFEE480
[LOG] SystemI::createSoundInternal             : exinfo->userread           = 00007FFACEFEE580
[LOG] SystemI::createSoundInternal             : exinfo->userseek           = 00007FFACEFEE640
[LOG] SystemI::createSoundInternal             : exinfo->fileuserdata       = 0000000011CA65B8
[LOG] SystemI::createSoundInternal             : exinfo->initialseekpostype = 1
[LOG] SystemI::DSPCodecPoolRegister            : register codec pool for pool type 5
[LOG] SystemI::createSoundInternal             : Sample 0/1: name='steps_18', format=2, channels=2, frequency=48000, lengthbytes=4800, lengthpcm=18000, pcmblocksize=0, loopstart=0, loopend=0, mode=0x00000000, channelmask=0x00000000, channelorder=0, peakvolume=0.367981.
[LOG] SystemI::createSoundInternal             : Create name='', mode=0x02000202
[LOG] SystemI::createSoundInternal             : exinfo->cbsize             = 232
[LOG] SystemI::createSoundInternal             : exinfo->length             = 242784
[LOG] SystemI::createSoundInternal             : exinfo->fileoffset         = 21312
[LOG] SystemI::createSoundInternal             : exinfo->numsubsounds       = 1
[LOG] SystemI::createSoundInternal             : exinfo->inclusionlist      = 0000000075DFF5FC
[LOG] SystemI::createSoundInternal             : exinfo->inclusionlistnum   = 1
[LOG] SystemI::createSoundInternal             : exinfo->suggestedsoundtype = 5
[LOG] SystemI::createSoundInternal             : exinfo->useropen           = 00007FFACEFEE4B0
[LOG] SystemI::createSoundInternal             : exinfo->userclose          = 00007FFACEFEE480
[LOG] SystemI::createSoundInternal             : exinfo->userread           = 00007FFACEFEE580
[LOG] SystemI::createSoundInternal             : exinfo->userseek           = 00007FFACEFEE640
[LOG] SystemI::createSoundInternal             : exinfo->fileuserdata       = 0000000011CA65B8
[LOG] SystemI::createSoundInternal             : exinfo->initialseekpostype = 1
[LOG] SystemI::DSPCodecPoolRegister            : register codec pool for pool type 5
[LOG] SystemI::createSoundInternal             : Sample 0/1: name='steps_3', format=2, channels=2, frequency=48000, lengthbytes=2944, lengthpcm=12000, pcmblocksize=0, loopstart=0, loopend=0, mode=0x00000000, channelmask=0x00000000, channelorder=0, peakvolume=0.391571.
[LOG] SystemI::createSoundInternal             : Create name='', mode=0x02000202
[LOG] SystemI::createSoundInternal             : exinfo->cbsize             = 232
[LOG] SystemI::createSoundInternal             : exinfo->length             = 242784
[LOG] SystemI::createSoundInternal             : exinfo->fileoffset         = 21312
[LOG] SystemI::createSoundInternal             : exinfo->numsubsounds       = 1
[LOG] SystemI::createSoundInternal             : exinfo->inclusionlist      = 0000000075DFF5FC
[LOG] SystemI::createSoundInternal             : exinfo->inclusionlistnum   = 1
[LOG] SystemI::createSoundInternal             : exinfo->suggestedsoundtype = 5
[LOG] SystemI::createSoundInternal             : exinfo->useropen           = 00007FFACEFEE4B0
[LOG] SystemI::createSoundInternal             : exinfo->userclose          = 00007FFACEFEE480
[LOG] SystemI::createSoundInternal             : exinfo->userread           = 00007FFACEFEE580
[LOG] SystemI::createSoundInternal             : exinfo->userseek           = 00007FFACEFEE640
[LOG] SystemI::createSoundInternal             : exinfo->fileuserdata       = 0000000011CA65B8
[LOG] SystemI::createSoundInternal             : exinfo->initialseekpostype = 1
[LOG] SystemI::DSPCodecPoolRegister            : register codec pool for pool type 5
[LOG] SystemI::createSoundInternal             : Sample 0/1: name='steps_13', format=2, channels=2, frequency=48000, lengthbytes=6048, lengthpcm=27000, pcmblocksize=0, loopstart=0, loopend=0, mode=0x00000000, channelmask=0x00000000, channelorder=0, peakvolume=0.266815.
[LOG] SystemI::createSoundInternal             : Create name='', mode=0x02000202
[LOG] SystemI::createSoundInternal             : exinfo->cbsize             = 232
[LOG] SystemI::createSoundInternal             : exinfo->length             = 242784
[LOG] SystemI::createSoundInternal             : exinfo->fileoffset         = 21312
[LOG] SystemI::createSoundInternal             : exinfo->numsubsounds       = 1
[LOG] SystemI::createSoundInternal             : exinfo->inclusionlist      = 0000000075DFF5FC
[LOG] SystemI::createSoundInternal             : exinfo->inclusionlistnum   = 1
[LOG] SystemI::createSoundInternal             : exinfo->suggestedsoundtype = 5
[LOG] SystemI::createSoundInternal             : exinfo->useropen           = 00007FFACEFEE4B0
[LOG] SystemI::createSoundInternal             : exinfo->userclose          = 00007FFACEFEE480
[LOG] SystemI::createSoundInternal             : exinfo->userread           = 00007FFACEFEE580
[LOG] SystemI::createSoundInternal             : exinfo->userseek           = 00007FFACEFEE640
[LOG] SystemI::createSoundInternal             : exinfo->fileuserdata       = 0000000011CA65B8
[LOG] SystemI::createSoundInternal             : exinfo->initialseekpostype = 1
[LOG] SystemI::DSPCodecPoolRegister            : register codec pool for pool type 5
[LOG] SystemI::createSoundInternal             : Sample 0/1: name='steps_14', format=2, channels=2, frequency=48000, lengthbytes=8608, lengthpcm=33000, pcmblocksize=0, loopstart=0, loopend=0, mode=0x00000000, channelmask=0x00000000, channelorder=0, peakvolume=0.379425.
[LOG] SystemI::createSoundInternal             : Create name='', mode=0x02000202
[LOG] SystemI::createSoundInternal             : exinfo->cbsize             = 232
[LOG] SystemI::createSoundInternal             : exinfo->length             = 242784
[LOG] SystemI::createSoundInternal             : exinfo->fileoffset         = 21312
[LOG] SystemI::createSoundInternal             : exinfo->numsubsounds       = 1
[LOG] SystemI::createSoundInternal             : exinfo->inclusionlist      = 0000000075DFF5FC
[LOG] SystemI::createSoundInternal             : exinfo->inclusionlistnum   = 1
[LOG] SystemI::createSoundInternal             : exinfo->suggestedsoundtype = 5
[LOG] SystemI::createSoundInternal             : exinfo->useropen           = 00007FFACEFEE4B0
[LOG] SystemI::createSoundInternal             : exinfo->userclose          = 00007FFACEFEE480
[LOG] SystemI::createSoundInternal             : exinfo->userread           = 00007FFACEFEE580
[LOG] SystemI::createSoundInternal             : exinfo->userseek           = 00007FFACEFEE640
[LOG] SystemI::createSoundInternal             : exinfo->fileuserdata       = 0000000011CA65B8
[LOG] SystemI::createSoundInternal             : exinfo->initialseekpostype = 1
[LOG] SystemI::DSPCodecPoolRegister            : register codec pool for pool type 5
[LOG] SystemI::createSoundInternal             : Sample 0/1: name='steps_11', format=2, channels=2, frequency=48000, lengthbytes=3808, lengthpcm=15000, pcmblocksize=0, loopstart=0, loopend=0, mode=0x00000000, channelmask=0x00000000, channelorder=0, peakvolume=0.314941.
[LOG] SystemI::createSoundInternal             : Create name='', mode=0x02000202
[LOG] SystemI::createSoundInternal             : exinfo->cbsize             = 232
[LOG] SystemI::createSoundInternal             : exinfo->length             = 242784
[LOG] SystemI::createSoundInternal             : exinfo->fileoffset         = 21312
[LOG] SystemI::createSoundInternal             : exinfo->numsubsounds       = 1
[LOG] SystemI::createSoundInternal             : exinfo->inclusionlist      = 0000000075DFF5FC
[LOG] SystemI::createSoundInternal             : exinfo->inclusionlistnum   = 1
[LOG] SystemI::createSoundInternal             : exinfo->suggestedsoundtype = 5
[LOG] SystemI::createSoundInternal             : exinfo->useropen           = 00007FFACEFEE4B0
[LOG] SystemI::createSoundInternal             : exinfo->userclose          = 00007FFACEFEE480
[LOG] SystemI::createSoundInternal             : exinfo->userread           = 00007FFACEFEE580
[LOG] SystemI::createSoundInternal             : exinfo->userseek           = 00007FFACEFEE640
[LOG] SystemI::createSoundInternal             : exinfo->fileuserdata       = 0000000011CA65B8
[LOG] SystemI::createSoundInternal             : exinfo->initialseekpostype = 1
[LOG] SystemI::DSPCodecPoolRegister            : register codec pool for pool type 5
[LOG] SystemI::createSoundInternal             : Sample 0/1: name='steps_28', format=2, channels=2, frequency=48000, lengthbytes=3200, lengthpcm=14440, pcmblocksize=0, loopstart=0, loopend=0, mode=0x00000000, channelmask=0x00000000, channelorder=0, peakvolume=0.722412.
[LOG] SystemI::createSoundInternal             : Create name='', mode=0x02000202
[LOG] SystemI::createSoundInternal             : exinfo->cbsize             = 232
[LOG] SystemI::createSoundInternal             : exinfo->length             = 242784
[LOG] SystemI::createSoundInternal             : exinfo->fileoffset         = 21312
[LOG] SystemI::createSoundInternal             : exinfo->numsubsounds       = 1
[LOG] SystemI::createSoundInternal             : exinfo->inclusionlist      = 0000000075DFF5FC
[LOG] SystemI::createSoundInternal             : exinfo->inclusionlistnum   = 1
[LOG] SystemI::createSoundInternal             : exinfo->suggestedsoundtype = 5
[LOG] SystemI::createSoundInternal             : exinfo->useropen           = 00007FFACEFEE4B0
[LOG] SystemI::createSoundInternal             : exinfo->userclose          = 00007FFACEFEE480
[LOG] SystemI::createSoundInternal             : exinfo->userread           = 00007FFACEFEE580
[LOG] SystemI::createSoundInternal             : exinfo->userseek           = 00007FFACEFEE640
[LOG] SystemI::createSoundInternal             : exinfo->fileuserdata       = 0000000011CA65B8
[LOG] SystemI::createSoundInternal             : exinfo->initialseekpostype = 1
[LOG] SystemI::DSPCodecPoolRegister            : register codec pool for pool type 5
[LOG] SystemI::createSoundInternal             : Sample 0/1: name='steps_29', format=2, channels=2, frequency=48000, lengthbytes=4128, lengthpcm=15367, pcmblocksize=0, loopstart=0, loopend=0, mode=0x00000000, channelmask=0x00000000, channelorder=0, peakvolume=0.840393.
[LOG] SystemI::createSoundInternal             : Create name='', mode=0x02000202
[LOG] SystemI::createSoundInternal             : exinfo->cbsize             = 232
[LOG] SystemI::createSoundInternal             : exinfo->length             = 242784
[LOG] SystemI::createSoundInternal             : exinfo->fileoffset         = 21312
[LOG] SystemI::createSoundInternal             : exinfo->numsubsounds       = 1
[LOG] SystemI::createSoundInternal             : exinfo->inclusionlist      = 0000000075DFF5FC
[LOG] SystemI::createSoundInternal             : exinfo->inclusionlistnum   = 1
[LOG] SystemI::createSoundInternal             : exinfo->suggestedsoundtype = 5
[LOG] SystemI::createSoundInternal             : exinfo->useropen           = 00007FFACEFEE4B0
[LOG] SystemI::createSoundInternal             : exinfo->userclose          = 00007FFACEFEE480
[LOG] SystemI::createSoundInternal             : exinfo->userread           = 00007FFACEFEE580
[LOG] SystemI::createSoundInternal             : exinfo->userseek           = 00007FFACEFEE640
[LOG] SystemI::createSoundInternal             : exinfo->fileuserdata       = 0000000011CA65B8
[LOG] SystemI::createSoundInternal             : exinfo->initialseekpostype = 1
[LOG] SystemI::DSPCodecPoolRegister            : register codec pool for pool type 5
[LOG] SystemI::createSoundInternal             : Sample 0/1: name='steps_21', format=2, channels=2, frequency=48000, lengthbytes=2496, lengthpcm=9141, pcmblocksize=0, loopstart=0, loopend=0, mode=0x00000000, channelmask=0x00000000, channelorder=0, peakvolume=0.446716.
[LOG] SystemI::createSoundInternal             : Create name='', mode=0x02000202
[LOG] SystemI::createSoundInternal             : exinfo->cbsize             = 232
[LOG] SystemI::createSoundInternal             : exinfo->length             = 242784
[LOG] SystemI::createSoundInternal             : exinfo->fileoffset         = 21312
[LOG] SystemI::createSoundInternal             : exinfo->numsubsounds       = 1
[LOG] SystemI::createSoundInternal             : exinfo->inclusionlist      = 0000000075DFF5FC
[LOG] SystemI::createSoundInternal             : exinfo->inclusionlistnum   = 1
[LOG] SystemI::createSoundInternal             : exinfo->suggestedsoundtype = 5
[LOG] SystemI::createSoundInternal             : exinfo->useropen           = 00007FFACEFEE4B0
[LOG] SystemI::createSoundInternal             : exinfo->userclose          = 00007FFACEFEE480
[LOG] SystemI::createSoundInternal             : exinfo->userread           = 00007FFACEFEE580
[LOG] SystemI::createSoundInternal             : exinfo->userseek           = 00007FFACEFEE640
[LOG] SystemI::createSoundInternal             : exinfo->fileuserdata       = 0000000011CA65B8
[LOG] SystemI::createSoundInternal             : exinfo->initialseekpostype = 1
[LOG] SystemI::DSPCodecPoolRegister            : register codec pool for pool type 5
[LOG] SystemI::createSoundInternal             : Sample 0/1: name='steps_10', format=2, channels=2, frequency=48000, lengthbytes=5856, lengthpcm=24000, pcmblocksize=0, loopstart=0, loopend=0, mode=0x00000000, channelmask=0x00000000, channelorder=0, peakvolume=0.314728.
[LOG] SystemI::createSound                     : filename = C:\Users\alcin\OneDrive\Documentos\gits\Vakuo\fmodproj\Build\Desktop/Animals.bank : mode 02010082
[LOG] SystemI::createSound                     : FMOD_NONBLOCKING specified.  Putting into queue to be opened asynchronously!
[LOG] SystemI::createSound                     : setdata soundi = 00000000523E12C8 : node = 0000000062D51AE0
[LOG] SystemI::createSound                     : add node to async list : head = 000000005289AC28.  list count = 0
[LOG] AsyncThread::threadFunc                  : Starting Asynchronous operation on sound 00000000523E12C8
[LOG] SystemI::createSoundInternal             :     Create name='C:\Users\alcin\OneDrive\Documentos\gits\Vakuo\fmodproj\Build\Desktop/Animals.bank', mode=0x02010082
[LOG] SystemI::createSoundInternal             :     exinfo->cbsize             = 232
[LOG] SystemI::createSoundInternal             :     exinfo->length             = 227808
[LOG] SystemI::createSoundInternal             :     exinfo->fileoffset         = 7200
[LOG] SystemI::createSoundInternal             :     exinfo->numsubsounds       = 1
[LOG] SystemI::createSoundInternal             :     exinfo->inclusionlist      = 0000000062D51BF8
[LOG] SystemI::createSoundInternal             :     exinfo->inclusionlistnum   = 1
[LOG] SystemI::createSoundInternal             :     exinfo->suggestedsoundtype = 5
[LOG] SystemI::createSoundInternal             :     exinfo->initialseekpostype = 1
[LOG] SystemI::createSoundInternal             :     Stream 0/1: name='cry2', format=2, channels=2, frequency=48000, lengthbytes=35296, lengthpcm=140124, pcmblocksize=0, loopstart=0, loopend=0, mode=0x00000000, channelmask=0x00000000, channelorder=0, peakvolume=0.975464.
[LOG] AsyncThread::threadFunc                  : Finished Asynchronous operation on sound 00000000523E12C8
[LOG] SoundI::getSubSound                      : sound 00000000523E12C8.  Subsound index 0 / 1
[LOG] SystemI::createSound                     : filename = C:\Users\alcin\OneDrive\Documentos\gits\Vakuo\fmodproj\Build\Desktop/Animals.bank : mode 02010082
[LOG] SystemI::createSound                     : FMOD_NONBLOCKING specified.  Putting into queue to be opened asynchronously!
[LOG] SystemI::createSound                     : setdata soundi = 00000000523E06F8 : node = 0000000062D516F0
[LOG] SystemI::createSound                     : add node to async list : head = 000000005289AC28.  list count = 0
[LOG] AsyncThread::threadFunc                  : Starting Asynchronous operation on sound 00000000523E06F8
[LOG] SystemI::createSoundInternal             :     Create name='C:\Users\alcin\OneDrive\Documentos\gits\Vakuo\fmodproj\Build\Desktop/Animals.bank', mode=0x02010082
[LOG] SystemI::createSoundInternal             :     exinfo->cbsize             = 232
[LOG] SystemI::createSoundInternal             :     exinfo->length             = 227808
[LOG] SystemI::createSoundInternal             :     exinfo->fileoffset         = 7200
[LOG] SystemI::createSoundInternal             :     exinfo->numsubsounds       = 1
[LOG] SystemI::createSoundInternal             :     exinfo->inclusionlist      = 0000000062D51808
[LOG] SystemI::createSoundInternal             :     exinfo->inclusionlistnum   = 1
[LOG] SystemI::createSoundInternal             :     exinfo->suggestedsoundtype = 5
[LOG] SystemI::createSoundInternal             :     exinfo->initialseekpostype = 1
[LOG] SystemI::createSoundInternal             :     Stream 0/1: name='growl1', format=2, channels=2, frequency=48000, lengthbytes=32544, lengthpcm=156782, pcmblocksize=0, loopstart=0, loopend=0, mode=0x00000000, channelmask=0x00000000, channelorder=0, peakvolume=0.975225.
[LOG] AsyncThread::threadFunc                  : Finished Asynchronous operation on sound 00000000523E06F8
[LOG] SoundI::getSubSound                      : sound 00000000523E06F8.  Subsound index 0 / 1
[LOG] SoundI::release                          : cry2 (00000000523E12C8)
[LOG] SoundI::release                          :     cry2 (000000005B8328A8)
[LOG] SoundI::release                          :     cry2 (0000000062AF2F68)
[LOG] Manager::readBank                        : fileversion = 100, compatVersion = 99 (oldest = 44, newest = 100)
[LOG] SoundI::release                          : growl1 (00000000523E06F8)
[LOG] SoundI::release                          :     growl1 (000000005B832BE8)
[LOG] SoundI::release                          :     growl1 (0000000011CDB508)
[LOG] SystemI::createSound                     : filename = C:\Users\alcin\OneDrive\Documentos\gits\Vakuo\fmodproj\Build\Desktop/Effects.bank : mode 02010082
[LOG] SystemI::createSound                     : FMOD_NONBLOCKING specified.  Putting into queue to be opened asynchronously!
[LOG] SystemI::createSound                     : setdata soundi = 0000000062AF26F8 : node = 0000000062D50880
[LOG] SystemI::createSound                     : add node to async list : head = 000000005289AC28.  list count = 0
[LOG] AsyncThread::threadFunc                  : Starting Asynchronous operation on sound 0000000062AF26F8
[LOG] SystemI::createSoundInternal             :     Create name='C:\Users\alcin\OneDrive\Documentos\gits\Vakuo\fmodproj\Build\Desktop/Effects.bank', mode=0x02010082
[LOG] SystemI::createSoundInternal             :     exinfo->cbsize             = 232
[LOG] SystemI::createSoundInternal             :     exinfo->length             = 1670336
[LOG] SystemI::createSoundInternal             :     exinfo->fileoffset         = 14592
[LOG] SystemI::createSoundInternal             :     exinfo->numsubsounds       = 1
[LOG] SystemI::createSoundInternal             :     exinfo->inclusionlist      = 0000000062D50998
[LOG] SystemI::createSoundInternal             :     exinfo->inclusionlistnum   = 1
[LOG] SystemI::createSoundInternal             :     exinfo->suggestedsoundtype = 5
[LOG] SystemI::createSoundInternal             :     exinfo->initialseekposition = 3057
[LOG] SystemI::createSoundInternal             :     exinfo->initialseekpostype = 1
[LOG] SystemI::createSoundInternal             :     Stream 0/1: name='stinger5', format=2, channels=2, frequency=48000, lengthbytes=100480, lengthpcm=557056, pcmblocksize=0, loopstart=0, loopend=0, mode=0x00000000, channelmask=0x00000000, channelorder=0, peakvolume=0.221849.
[LOG] AsyncThread::threadFunc                  : Finished Asynchronous operation on sound 0000000062AF26F8
[LOG] SoundI::getSubSound                      : sound 0000000062AF26F8.  Subsound index 0 / 1
[LOG] SoundI::release                          : stinger5 (0000000062AF3988)
[LOG] SoundI::release                          :     stinger5 (000000005289AE18)
[LOG] SoundI::release                          :     stinger5 (0000000062B94958)
[LOG] SystemI::createSound                     : filename = C:\Users\alcin\OneDrive\Documentos\gits\Vakuo\fmodproj\Build\Desktop/Animals.bank : mode 02010082
[LOG] SystemI::createSound                     : FMOD_NONBLOCKING specified.  Putting into queue to be opened asynchronously!
[LOG] SystemI::createSound                     : setdata soundi = 0000000062B94E68 : node = 0000000062D50490
[LOG] SystemI::createSound                     : add node to async list : head = 000000005289AC28.  list count = 0
[LOG] AsyncThread::threadFunc                  : Starting Asynchronous operation on sound 0000000062B94E68
[LOG] SystemI::createSoundInternal             :     Create name='C:\Users\alcin\OneDrive\Documentos\gits\Vakuo\fmodproj\Build\Desktop/Animals.bank', mode=0x02010082
[LOG] SystemI::createSoundInternal             :     exinfo->cbsize             = 232
[LOG] SystemI::createSoundInternal             :     exinfo->length             = 227808
[LOG] SystemI::createSoundInternal             :     exinfo->fileoffset         = 7200
[LOG] SystemI::createSoundInternal             :     exinfo->numsubsounds       = 1
[LOG] SystemI::createSoundInternal             :     exinfo->inclusionlist      = 0000000062D505A8
[LOG] SystemI::createSoundInternal             :     exinfo->inclusionlistnum   = 1
[LOG] SystemI::createSoundInternal             :     exinfo->suggestedsoundtype = 5
[LOG] SystemI::createSoundInternal             :     exinfo->initialseekpostype = 1
[LOG] SystemI::createSoundInternal             :     Stream 0/1: name='growl3', format=2, channels=2, frequency=48000, lengthbytes=32480, lengthpcm=194160, pcmblocksize=0, loopstart=0, loopend=0, mode=0x00000000, channelmask=0x00000000, channelorder=0, peakvolume=0.975666.
[LOG] AsyncThread::threadFunc                  : Finished Asynchronous operation on sound 0000000062B94E68
[LOG] SoundI::getSubSound                      : sound 0000000062B94E68.  Subsound index 0 / 1
[LOG] Manager::readBank                        : fileversion = 100, compatVersion = 99 (oldest = 44, newest = 100)
[LOG] SystemI::createSound                     : filename = C:\Users\alcin\OneDrive\Documentos\gits\Vakuo\fmodproj\Build\Desktop/Effects.bank : mode 02010082
[LOG] SystemI::createSound                     : FMOD_NONBLOCKING specified.  Putting into queue to be opened asynchronously!
[LOG] SystemI::createSound                     : setdata soundi = 00000000523E0DB8 : node = 0000000062D51300
[LOG] SystemI::createSound                     : add node to async list : head = 000000005289AC28.  list count = 0
[LOG] AsyncThread::threadFunc                  : Starting Asynchronous operation on sound 00000000523E0DB8
[LOG] SystemI::createSoundInternal             :     Create name='C:\Users\alcin\OneDrive\Documentos\gits\Vakuo\fmodproj\Build\Desktop/Effects.bank', mode=0x02010082
[LOG] SystemI::createSoundInternal             :     exinfo->cbsize             = 232
[LOG] SystemI::createSoundInternal             :     exinfo->length             = 1670336
[LOG] SystemI::createSoundInternal             :     exinfo->fileoffset         = 14592
[LOG] SystemI::createSoundInternal             :     exinfo->numsubsounds       = 1
[LOG] SystemI::createSoundInternal             :     exinfo->inclusionlist      = 0000000062D51418
[LOG] SystemI::createSoundInternal             :     exinfo->inclusionlistnum   = 1
[LOG] SystemI::createSoundInternal             :     exinfo->suggestedsoundtype = 5
[LOG] SystemI::createSoundInternal             :     exinfo->initialseekposition = 3037
[LOG] SystemI::createSoundInternal             :     exinfo->initialseekpostype = 1
[LOG] SystemI::createSoundInternal             :     Stream 0/1: name='stinger5', format=2, channels=2, frequency=48000, lengthbytes=100480, lengthpcm=557056, pcmblocksize=0, loopstart=0, loopend=0, mode=0x00000000, channelmask=0x00000000, channelorder=0, peakvolume=0.221849.
[LOG] AsyncThread::threadFunc                  : Finished Asynchronous operation on sound 00000000523E0DB8
[LOG] SoundI::getSubSound                      : sound 00000000523E0DB8.  Subsound index 0 / 1
[LOG] SoundI::release                          : stinger5 (0000000062AF26F8)
[LOG] SoundI::release                          :     stinger5 (000000005B832568)
[LOG] SoundI::release                          :     stinger5 (0000000062AF2A58)
[LOG] SoundI::release                          : growl3 (0000000062B94E68)
[LOG] SoundI::release                          :     growl3 (000000005B832BE8)
[LOG] SoundI::release                          :     growl3 (00000000523E06F8)
[LOG] Manager::readBank                        : fileversion = 100, compatVersion = 99 (oldest = 44, newest = 100)
[LOG] SystemI::createSound                     : filename = C:\Users\alcin\OneDrive\Documentos\gits\Vakuo\fmodproj\Build\Desktop/Music.bank : mode 02010082
[LOG] SystemI::createSound                     : FMOD_NONBLOCKING specified.  Putting into queue to be opened asynchronously!
[LOG] SystemI::createSound                     : setdata soundi = 00000000523E12C8 : node = 0000000062D50490
[LOG] SystemI::createSound                     : add node to async list : head = 000000005289AC28.  list count = 0
[LOG] AsyncThread::threadFunc                  : Starting Asynchronous operation on sound 00000000523E12C8
[LOG] SystemI::createSoundInternal             :     Create name='C:\Users\alcin\OneDrive\Documentos\gits\Vakuo\fmodproj\Build\Desktop/Music.bank', mode=0x02010082
[LOG] SystemI::createSoundInternal             :     exinfo->cbsize             = 232
[LOG] SystemI::createSoundInternal             :     exinfo->length             = 3312480
[LOG] SystemI::createSoundInternal             :     exinfo->fileoffset         = 8768
[LOG] SystemI::createSoundInternal             :     exinfo->numsubsounds       = 1
[LOG] SystemI::createSoundInternal             :     exinfo->inclusionlist      = 0000000062D505A8
[LOG] SystemI::createSoundInternal             :     exinfo->inclusionlistnum   = 1
[LOG] SystemI::createSoundInternal             :     exinfo->suggestedsoundtype = 5
[LOG] SystemI::createSoundInternal             :     exinfo->initialseekpostype = 1
[LOG] SystemI::createSoundInternal             :     Stream 0/1: name='Desafio_Song', format=2, channels=2, frequency=48000, lengthbytes=262944, lengthpcm=815576, pcmblocksize=0, loopstart=0, loopend=0, mode=0x00000000, channelmask=0x00000000, channelorder=0, peakvolume=0.933290.
[LOG] AsyncThread::threadFunc                  : Finished Asynchronous operation on sound 00000000523E12C8
[LOG] SoundI::getSubSound                      : sound 00000000523E12C8.  Subsound index 0 / 1
[LOG] SoundI::release                          : Desafio_Song (0000000062AF3628)
[LOG] SoundI::release                          :     Desafio_Song (0000000052899F78)
[LOG] SoundI::release                          :     Desafio_Song (0000000062B94CB8)
[LOG] SystemI::createSound                     : filename = C:\Users\alcin\OneDrive\Documentos\gits\Vakuo\fmodproj\Build\Desktop/Animals.bank : mode 02010082
[LOG] SystemI::createSound                     : FMOD_NONBLOCKING specified.  Putting into queue to be opened asynchronously!
[LOG] SystemI::createSound                     : setdata soundi = 00000000523E06F8 : node = 0000000062D50730
[LOG] SystemI::createSound                     : add node to async list : head = 000000005289AC28.  list count = 0
[LOG] AsyncThread::threadFunc                  : Starting Asynchronous operation on sound 00000000523E06F8
[LOG] SystemI::createSoundInternal             :     Create name='C:\Users\alcin\OneDrive\Documentos\gits\Vakuo\fmodproj\Build\Desktop/Animals.bank', mode=0x02010082
[LOG] SystemI::createSoundInternal             :     exinfo->cbsize             = 232
[LOG] SystemI::createSoundInternal             :     exinfo->length             = 227808
[LOG] SystemI::createSoundInternal             :     exinfo->fileoffset         = 7200
[LOG] SystemI::createSoundInternal             :     exinfo->numsubsounds       = 1
[LOG] SystemI::createSoundInternal             :     exinfo->inclusionlist      = 0000000062D50848
[LOG] SystemI::createSoundInternal             :     exinfo->inclusionlistnum   = 1
[LOG] SystemI::createSoundInternal             :     exinfo->suggestedsoundtype = 5
[LOG] SystemI::createSoundInternal             :     exinfo->initialseekpostype = 1
[LOG] SystemI::createSoundInternal             :     Stream 0/1: name='growl2', format=2, channels=2, frequency=48000, lengthbytes=29984, lengthpcm=158858, pcmblocksize=0, loopstart=0, loopend=0, mode=0x00000000, channelmask=0x00000000, channelorder=0, peakvolume=0.975225.
[LOG] AsyncThread::threadFunc                  : Finished Asynchronous operation on sound 00000000523E06F8
[LOG] SoundI::getSubSound                      : sound 00000000523E06F8.  Subsound index 0 / 1
[LOG] SystemI::createSound                     : filename = C:\Users\alcin\OneDrive\Documentos\gits\Vakuo\fmodproj\Build\Desktop/Effects.bank : mode 02010082
[LOG] SystemI::createSound                     : FMOD_NONBLOCKING specified.  Putting into queue to be opened asynchronously!
[LOG] SystemI::createSound                     : setdata soundi = 0000000062D463F8 : node = 0000000062D50880
[LOG] SystemI::createSound                     : add node to async list : head = 000000005289AC28.  list count = 0
[LOG] AsyncThread::threadFunc                  : Starting Asynchronous operation on sound 0000000062D463F8
[LOG] SystemI::createSoundInternal             :     Create name='C:\Users\alcin\OneDrive\Documentos\gits\Vakuo\fmodproj\Build\Desktop/Effects.bank', mode=0x02010082
[LOG] SystemI::createSoundInternal             :     exinfo->cbsize             = 232
[LOG] SystemI::createSoundInternal             :     exinfo->length             = 1670336
[LOG] SystemI::createSoundInternal             :     exinfo->fileoffset         = 14592
[LOG] SystemI::createSoundInternal             :     exinfo->numsubsounds       = 1
[LOG] SystemI::createSoundInternal             :     exinfo->inclusionlist      = 0000000062D50998
[LOG] SystemI::createSoundInternal             :     exinfo->inclusionlistnum   = 1
[LOG] SystemI::createSoundInternal             :     exinfo->suggestedsoundtype = 5
[LOG] SystemI::createSoundInternal             :     exinfo->initialseekposition = 3070
[LOG] SystemI::createSoundInternal             :     exinfo->initialseekpostype = 1
[LOG] SystemI::createSoundInternal             :     Stream 0/1: name='stinger5', format=2, channels=2, frequency=48000, lengthbytes=100480, lengthpcm=557056, pcmblocksize=0, loopstart=0, loopend=0, mode=0x00000000, channelmask=0x00000000, channelorder=0, peakvolume=0.221849.
[LOG] AsyncThread::threadFunc                  : Finished Asynchronous operation on sound 0000000062D463F8
[LOG] SoundI::getSubSound                      : sound 0000000062D463F8.  Subsound index 0 / 1
[LOG] SoundI::release                          : stinger5 (00000000523E0DB8)
[LOG] SoundI::release                          :     stinger5 (000000005B831EE8)
[LOG] SoundI::release                          :     stinger5 (0000000062AF37D8)
[LOG] Manager::readBank                        : fileversion = 100, compatVersion = 99 (oldest = 44, newest = 100)
[LOG] SoundI::release                          : growl2 (00000000523E06F8)
[LOG] SoundI::release                          :     growl2 (000000005B832088)
[LOG] SoundI::release                          :     growl2 (0000000062AF3628)
[LOG] SystemI::createSound                     : filename = C:\Users\alcin\OneDrive\Documentos\gits\Vakuo\fmodproj\Build\Desktop/Effects.bank : mode 02010082
[LOG] SystemI::createSound                     : FMOD_NONBLOCKING specified.  Putting into queue to be opened asynchronously!
[LOG] SystemI::createSound                     : setdata soundi = 0000000062AF3628 : node = 0000000062D50730
[LOG] SystemI::createSound                     : add node to async list : head = 000000005289AC28.  list count = 0
[LOG] AsyncThread::threadFunc                  : Starting Asynchronous operation on sound 0000000062AF3628
[LOG] SystemI::createSoundInternal             :     Create name='C:\Users\alcin\OneDrive\Documentos\gits\Vakuo\fmodproj\Build\Desktop/Effects.bank', mode=0x02010082
[LOG] SystemI::createSoundInternal             :     exinfo->cbsize             = 232
[LOG] SystemI::createSoundInternal             :     exinfo->length             = 1670336
[LOG] SystemI::createSoundInternal             :     exinfo->fileoffset         = 14592
[LOG] SystemI::createSoundInternal             :     exinfo->numsubsounds       = 1
[LOG] SystemI::createSoundInternal             :     exinfo->inclusionlist      = 0000000062D50848
[LOG] SystemI::createSoundInternal             :     exinfo->inclusionlistnum   = 1
[LOG] SystemI::createSoundInternal             :     exinfo->suggestedsoundtype = 5
[LOG] SystemI::createSoundInternal             :     exinfo->initialseekposition = 2906
[LOG] SystemI::createSoundInternal             :     exinfo->initialseekpostype = 1
[LOG] SystemI::createSoundInternal             :     Stream 0/1: name='stinger5', format=2, channels=2, frequency=48000, lengthbytes=100480, lengthpcm=557056, pcmblocksize=0, loopstart=0, loopend=0, mode=0x00000000, channelmask=0x00000000, channelorder=0, peakvolume=0.221849.
[LOG] AsyncThread::threadFunc                  : Finished Asynchronous operation on sound 0000000062AF3628
[LOG] SoundI::getSubSound                      : sound 0000000062AF3628.  Subsound index 0 / 1
[LOG] SystemI::createSound                     : filename = C:\Users\alcin\OneDrive\Documentos\gits\Vakuo\fmodproj\Build\Desktop/Animals.bank : mode 02010082
[LOG] SystemI::createSound                     : FMOD_NONBLOCKING specified.  Putting into queue to be opened asynchronously!
[LOG] SystemI::createSound                     : setdata soundi = 00000000523E06F8 : node = 0000000062D509D0
[LOG] SystemI::createSound                     : add node to async list : head = 000000005289AC28.  list count = 0
[LOG] AsyncThread::threadFunc                  : Starting Asynchronous operation on sound 00000000523E06F8
[LOG] SystemI::createSoundInternal             :     Create name='C:\Users\alcin\OneDrive\Documentos\gits\Vakuo\fmodproj\Build\Desktop/Animals.bank', mode=0x02010082
[LOG] SystemI::createSoundInternal             :     exinfo->cbsize             = 232
[LOG] SystemI::createSoundInternal             :     exinfo->length             = 227808
[LOG] SystemI::createSoundInternal             :     exinfo->fileoffset         = 7200
[LOG] SystemI::createSoundInternal             :     exinfo->numsubsounds       = 1
[LOG] SystemI::createSoundInternal             :     exinfo->inclusionlist      = 0000000062D50AE8
[LOG] SystemI::createSoundInternal             :     exinfo->inclusionlistnum   = 1
[LOG] SystemI::createSoundInternal             :     exinfo->suggestedsoundtype = 5
[LOG] SystemI::createSoundInternal             :     exinfo->initialseekpostype = 1
[LOG] SystemI::createSoundInternal             :     Stream 0/1: name='growl3', format=2, channels=2, frequency=48000, lengthbytes=32480, lengthpcm=194160, pcmblocksize=0, loopstart=0, loopend=0, mode=0x00000000, channelmask=0x00000000, channelorder=0, peakvolume=0.975666.
[LOG] AsyncThread::threadFunc                  : Finished Asynchronous operation on sound 00000000523E06F8
[LOG] SoundI::getSubSound                      : sound 00000000523E06F8.  Subsound index 0 / 1
[LOG] SoundI::release                          : stinger5 (0000000062D463F8)
[LOG] SoundI::release                          :     stinger5 (000000005B832568)
[LOG] SoundI::release                          :     stinger5 (0000000062AF26F8)
[LOG] SystemI::createSound                     : filename = C:\Users\alcin\OneDrive\Documentos\gits\Vakuo\fmodproj\Build\Desktop/Music.bank : mode 02010082
[LOG] SystemI::createSound                     : FMOD_NONBLOCKING specified.  Putting into queue to be opened asynchronously!
[LOG] SystemI::createSound                     : setdata soundi = 0000000062AF2A58 : node = 0000000062D51300
[LOG] SystemI::createSound                     : add node to async list : head = 000000005289AC28.  list count = 0
[LOG] AsyncThread::threadFunc                  : Starting Asynchronous operation on sound 0000000062AF2A58
[LOG] SystemI::createSoundInternal             :     Create name='C:\Users\alcin\OneDrive\Documentos\gits\Vakuo\fmodproj\Build\Desktop/Music.bank', mode=0x02010082
[LOG] SystemI::createSoundInternal             :     exinfo->cbsize             = 232
[LOG] SystemI::createSoundInternal             :     exinfo->length             = 3312480
[LOG] SystemI::createSoundInternal             :     exinfo->fileoffset         = 8768
[LOG] SystemI::createSoundInternal             :     exinfo->numsubsounds       = 1
[LOG] SystemI::createSoundInternal             :     exinfo->inclusionlist      = 0000000062D51418
[LOG] SystemI::createSoundInternal             :     exinfo->inclusionlistnum   = 1
[LOG] SystemI::createSoundInternal             :     exinfo->suggestedsoundtype = 5
[LOG] SystemI::createSoundInternal             :     exinfo->initialseekposition = 89205
[LOG] SystemI::createSoundInternal             :     exinfo->initialseekpostype = 1
[LOG] SystemI::createSoundInternal             :     Stream 0/1: name='Game_play_main_music', format=2, channels=2, frequency=48000, lengthbytes=2112896, lengthpcm=7646018, pcmblocksize=0, loopstart=0, loopend=0, mode=0x00000000, channelmask=0x00000000, channelorder=0, peakvolume=0.762768.
[LOG] AsyncThread::threadFunc                  : Finished Asynchronous operation on sound 0000000062AF2A58
[LOG] SoundI::getSubSound                      : sound 0000000062AF2A58.  Subsound index 0 / 1
[LOG] Manager::readBank                        : fileversion = 100, compatVersion = 99 (oldest = 44, newest = 100)
[LOG] SoundI::release                          : Game_play_main_music (0000000062AF2398)
[LOG] SoundI::release                          :     Game_play_main_music (000000005289AFB8)
[LOG] SoundI::release                          :     Game_play_main_music (000000005BFF9D58)
[LOG] SoundI::release                          : growl3 (00000000523E06F8)
[LOG] SoundI::release                          :     growl3 (000000005B8328A8)
[LOG] SoundI::release                          :     growl3 (0000000062AF2F68)
[LOG] SoundI::release                          : Desafio_Song (00000000523E12C8)
[LOG] SoundI::release                          :     Desafio_Song (000000005B832708)
[LOG] SoundI::release                          :     Desafio_Song (0000000062B94958)
[LOG] SoundI::release                          : Game_play_main_music (0000000062AF2A58)
[LOG] SoundI::release                          :     Game_play_main_music (000000005B831EE8)
[LOG] SoundI::release                          :     Game_play_main_music (0000000062B94B08)
[LOG] SoundI::release                          : stinger5 (0000000062AF3628)
[LOG] SoundI::release                          :     stinger5 (000000005B8323C8)
[LOG] SoundI::release                          :     stinger5 (0000000062D465A8)
[LOG] SoundI::release                          :  (0000000079D952E8)
[LOG] SoundI::release                          :     steps_1 (000000005B5FA3F8)
[LOG] SoundI::release                          :  (0000000079D95738)
[LOG] SoundI::release                          :     steps_2 (000000005B5FA738)
[LOG] SoundI::release                          :  (000000007974F648)
[LOG] SoundI::release                          :     steps_3 (000000001ECE5BB8)
[LOG] SoundI::release                          :  (00000000027AD3F8)
[LOG] SoundI::release                          :     steps_4 (000000005B5FADB8)
[LOG] SoundI::release                          :  (00000000027ACB58)
[LOG] SoundI::release                          :     steps_5 (000000005B5FB0F8)
[LOG] SoundI::release                          :  (00000000027AD568)
[LOG] SoundI::release                          :     steps_6 (000000005B5FA258)
[LOG] SoundI::release                          :  (000000007974F928)
[LOG] SoundI::release                          :     steps_7 (000000005BBDA3F8)
[LOG] SoundI::release                          :  (0000000079D95458)
[LOG] SoundI::release                          :     steps_8 (000000005B5FBAB8)
[LOG] SoundI::release                          :  (0000000079D95008)
[LOG] SoundI::release                          :     steps_9 (000000005B5FB298)
[LOG] SoundI::release                          :  (000000007974FD78)
[LOG] SoundI::release                          :     steps_10 (000000001ECE4838)
[LOG] SoundI::release                          :  (000000007974E228)
[LOG] SoundI::release                          :     steps_11 (000000001ECE5538)
[LOG] SoundI::release                          :  (000000007974E0B8)
[LOG] SoundI::release                          :     steps_12 (000000005BBDB438)
[LOG] SoundI::release                          :  (000000007974EF18)
[LOG] SoundI::release                          :     steps_13 (000000001ECE5058)
[LOG] SoundI::release                          :  (000000007974F088)
[LOG] SoundI::release                          :     steps_14 (000000001ECE4358)
[LOG] SoundI::release                          :  (000000007974EAC8)
[LOG] SoundI::release                          :     steps_15 (000000005BBDAA78)
[LOG] SoundI::release                          :  (0000000079D95A18)
[LOG] SoundI::release                          :     steps_16 (000000005BBDBF98)
[LOG] SoundI::release                          :  (000000007974F4D8)
[LOG] SoundI::release                          :     steps_17 (000000005BBDA8D8)
[LOG] SoundI::release                          :  (000000007974FC08)
[LOG] SoundI::release                          :     steps_18 (000000001ECE4B78)
[LOG] SoundI::release                          :  (0000000079D95B88)
[LOG] SoundI::release                          :     steps_19 (000000005BBDAF58)
[LOG] SoundI::release                          :  (000000007974EDA8)
[LOG] SoundI::release                          :     steps_20 (000000005BBDA258)
[LOG] SoundI::release                          :  (000000007974F368)
[LOG] SoundI::release                          :     steps_21 (000000001ECE5A18)
[LOG] SoundI::release                          :  (0000000079D95CF8)
[LOG] SoundI::release                          :     steps_22 (000000005B5FB918)
[LOG] SoundI::release                          :  (000000007974FA98)
[LOG] SoundI::release                          :     steps_23 (000000005BBDADB8)
[LOG] SoundI::release                          :  (0000000079D95178)
[LOG] SoundI::release                          :     steps_24 (000000005B5FA8D8)
[LOG] SoundI::release                          :  (0000000079D958A8)
[LOG] SoundI::release                          :     steps_25 (000000005BBDBC58)
[LOG] SoundI::release                          :  (000000007974F1F8)
[LOG] SoundI::release                          :     steps_26 (000000005BBDB298)
[LOG] SoundI::release                          :  (000000007974E7E8)
[LOG] SoundI::release                          :     steps_27 (000000005BBDA738)
[LOG] SoundI::release                          :  (000000007974E958)
[LOG] SoundI::release                          :     steps_28 (000000001ECE56D8)
[LOG] SoundI::release                          :  (000000007974F7B8)
[LOG] SoundI::release                          :     steps_29 (000000001ECE5878)
[LOG] SoundI::release                          :  (0000000079D955C8)
[LOG] SoundI::release                          :     steps_30 (000000005B5FAF58)
[LOG] SoundI::release                          :  (0000000011CCE7E8)
[LOG] SoundI::release                          :     steps_31 (000000005B5FA598)
[LOG] SoundI::release                          :  (0000000063150068)
[LOG] SoundI::release                          :     steps_32 (000000005B5FB438)
[LOG] SoundI::release                          :  (00000000027ACFA8)
[LOG] SoundI::release                          :     steps_33 (000000005B5FBC58)
[LOG] SoundI::release                          :  (000000007974FEE8)
[LOG] SoundI::release                          :     steps_34 (000000005BBDA598)
[LOG] SoundI::release                          :  (0000000011CCE678)
[LOG] SoundI::release                          :     cry1 (000000005289A2B8)
[LOG] SoundI::release                          :  (0000000011CCDC68)
[LOG] SoundI::release                          :     Elephant_appear (000000005289A118)
[LOG] SoundI::release                          :  (0000000011CCD988)
[LOG] SoundI::release                          :     flying platform 3 (000000005289A938)
[LOG] Thread::callback                         : FMOD Studio update thread finished.
[LOG] Thread::callback                         : FMOD Studio bank load thread finished.
[LOG] Profile::disconnectAll                   : Profiler disconnecting all clients
[LOG] Thread::callback                         : FMOD Studio sample load thread finished.
[LOG] LiveUpdate::release                      : 
[LOG] LiveUpdate::reset                        : Reset connection (reason Disconnected)
[LOG] Thread::callback                         : FMOD stream thread finished.
[LOG] Thread::callback                         : FMOD mixer thread finished.
[LOG] Profile::disconnectAll                   : Profiler disconnecting all clients
[LOG] SystemI::close                           : Closed.
[LOG] Manager::readBank                        : fileversion = 100, compatVersion = 99 (oldest = 44, newest = 100)
[LOG] Manager::readBank                        : fileversion = 100, compatVersion = 99 (oldest = 44, newest = 100)
[LOG] Manager::readBank                        : fileversion = 100, compatVersion = 99 (oldest = 44, newest = 100)
[LOG] Manager::readBank                        : fileversion = 100, compatVersion = 99 (oldest = 44, newest = 100)
[LOG] Manager::readBank                        : fileversion = 100, compatVersion = 99 (oldest = 44, newest = 100)
[LOG] Manager::readBank                        : fileversion = 100, compatVersion = 99 (oldest = 44, newest = 100)
[LOG] Manager::readBank                        : fileversion = 100, compatVersion = 99 (oldest = 44, newest = 100)
[LOG] PlaybackSystem::acquireMasterBus         : Setting master channel group format to 6
[LOG] Manager::readBank                        : fileversion = 100, compatVersion = 99 (oldest = 44, newest = 100)
[LOG] Manager::readBank                        : fileversion = 100, compatVersion = 99 (oldest = 44, newest = 100)
[LOG] Manager::readBank                        : fileversion = 100, compatVersion = 99 (oldest = 44, newest = 100)
[LOG] Manager::readBank                        : fileversion = 100, compatVersion = 99 (oldest = 44, newest = 100)
[LOG] Manager::readBank                        : fileversion = 100, compatVersion = 99 (oldest = 44, newest = 100)
[LOG] Thread::callback                         : FMOD Studio bank load thread finished.
[LOG] Thread::callback                         : FMOD Studio sample load thread finished.
[LOG] LiveUpdate::release                      : 
[LOG] LiveUpdate::reset                        : Reset connection (reason Disconnected)
[LOG] Thread::callback                         : FMOD stream thread finished.
[LOG] Thread::callback                         : FMOD mixer thread finished.
[LOG] Thread::callback                         : FMOD nonblocking thread (0) finished.
[LOG] Thread::callback                         : FMOD file thread finished.
[LOG] SystemI::close                           : Closed.
