[LOG] System::create                           : Header version = 1.10.06. Current version = 1.10.06.
[LOG] SystemI::setOutputInternal               : Setting output to 'FMOD WASAPI Output'
[LOG] Manager::init                            : maxchannels = 1024 studioflags = 00000009 flags 00000000 extradriverdata 0000000000000000.
[LOG] SystemI::init                            : Initialize version=11006 (95384), maxchannels=1024, flags=0x00030000
[LOG] OutputWASAPI::init                       : Mix Format (WAVEFORMATEX): wFormatTag=0xFFFE, nChannels=2, nSamplesPerSec=48000, nAvgBytesPerSec=384000, nBlockAlign=8, wBitsPerSample=32, cbSize=22.
[LOG] OutputWASAPI::init                       : Mix Format (WAVEFORMATEXTENSIBLE): wValidBitsPerSample=32, dwChannelMask=0x00000003, SubFormat=00000003-0000-0010-8000-00AA00389B71.
[LOG] OutputWASAPI::init                       : Output buffer size: 4096 samples, latency: 0.00ms, period: 10.00ms, DSP buffer: 1024 * 4
[LOG] Thread::initThread                       : Init FMOD stream thread. Priority: 2, Stack Size: 65536, Semaphore: No, Sleep Time: 10, Looping: Yes.
[LOG] SystemI::DSPCodecPoolRegister            : register codec pool for pool type 5
[LOG] Thread::initThread                       : Init FMOD mixer thread. Priority: 3, Stack Size: 49152, Semaphore: No, Sleep Time: 0, Looping: Yes.
[LOG] AsyncManager::init                       : manager 000000003199EA18 isAsync 1 updatePeriod 0.02
[LOG] Thread::initThread                       : Init FMOD Studio update thread. Priority: 0, Stack Size: 65536, Semaphore: No, Sleep Time: 1, Looping: No.
[LOG] AsyncManager::init                       : done
[LOG] PlaybackSystem::init                     : 
[LOG] Thread::initThread                       : Init FMOD Studio sample load thread. Priority: 0, Stack Size: 65536, Semaphore: No, Sleep Time: 1, Looping: No.
[LOG] PlaybackSystem::init                     : done
[LOG] LiveUpdate::init                         : 
[LOG] Thread::initThread                       : Init FMOD Studio bank load thread. Priority: 0, Stack Size: 65536, Semaphore: No, Sleep Time: 1, Looping: No.
[LOG] Manager::init                            : done.
[LOG] Profile::init                            : Profiler listening on port: 9264
[LOG] Manager::readBank                        : fileversion = 100, compatVersion = 99 (oldest = 44, newest = 100)
[LOG] Manager::readBank                        : fileversion = 100, compatVersion = 99 (oldest = 44, newest = 100)
[LOG] PlaybackSystem::acquireMasterBus         : Setting master channel group format to 6
[LOG] Manager::readBank                        : fileversion = 100, compatVersion = 99 (oldest = 44, newest = 100)
[LOG] Manager::readBank                        : fileversion = 100, compatVersion = 99 (oldest = 44, newest = 100)
[LOG] Manager::readBank                        : fileversion = 100, compatVersion = 99 (oldest = 44, newest = 100)
[LOG] Manager::readBank                        : fileversion = 100, compatVersion = 99 (oldest = 44, newest = 100)
[LOG] Manager::readBank                        : fileversion = 100, compatVersion = 99 (oldest = 44, newest = 100)
[LOG] Manager::readBank                        : fileversion = 100, compatVersion = 99 (oldest = 44, newest = 100)
[LOG] SystemI::createSound                     : filename = C:\Users\vasco\Documents\Vakuo\fmodproj\Build\Desktop/Effects.bank : mode 02010082
[LOG] SystemI::createSound                     : FMOD_NONBLOCKING specified.  Putting into queue to be opened asynchronously!
[LOG] Thread::initThread                       : Init FMOD nonblocking thread (0). Priority: 1, Stack Size: 81920, Semaphore: Yes, Sleep Time: 0, Looping: Yes.
[LOG] SystemI::createSound                     : setdata soundi = 0000000057205FF8 : node = 0000000057294200
[LOG] SystemI::createSound                     : add node to async list : head = 000000003ECFAD28.  list count = 0
[LOG] AsyncThread::threadFunc                  : Starting Asynchronous operation on sound 0000000057205FF8
[LOG] SystemI::createSoundInternal             :     Create name='C:\Users\vasco\Documents\Vakuo\fmodproj\Build\Desktop/Effects.bank', mode=0x02010082
[LOG] SystemI::createSoundInternal             :     exinfo->cbsize             = 232
[LOG] SystemI::createSoundInternal             :     exinfo->length             = 1670336
[LOG] SystemI::createSoundInternal             :     exinfo->fileoffset         = 14592
[LOG] SystemI::createSoundInternal             :     exinfo->numsubsounds       = 1
[LOG] SystemI::createSoundInternal             :     exinfo->inclusionlist      = 0000000057294318
[LOG] SystemI::createSoundInternal             :     exinfo->inclusionlistnum   = 1
[LOG] SystemI::createSoundInternal             :     exinfo->suggestedsoundtype = 5
[LOG] SystemI::createSoundInternal             :     exinfo->initialseekpostype = 1
[LOG] SystemI::createSound                     :     filename = C:\Users\vasco\Documents\Vakuo\fmodproj\Build\Desktop/Music.bank : mode 02010082
[LOG] SystemI::createSound                     :     FMOD_NONBLOCKING specified.  Putting into queue to be opened asynchronously!
[LOG] SystemI::createSound                     :     setdata soundi = 0000000057205C98 : node = 00000000572938D0
[LOG] SystemI::createSound                     :     add node to async list : head = 000000003ECFAD28.  list count = 0
[LOG] SystemI::createSound                     :     filename = C:\Users\vasco\Documents\Vakuo\fmodproj\Build\Desktop/Music.bank : mode 02010082
[LOG] SystemI::createSound                     :     FMOD_NONBLOCKING specified.  Putting into queue to be opened asynchronously!
[LOG] SystemI::createSound                     :     setdata soundi = 0000000057206BC8 : node = 00000000572945F0
[LOG] SystemI::createSound                     :     add node to async list : head = 000000003ECFAD28.  list count = 1
[LOG] SystemI::createSoundInternal             :     Create name='', mode=0x02000202
[LOG] SystemI::createSoundInternal             :     exinfo->cbsize             = 232
[LOG] SystemI::createSoundInternal             :     exinfo->length             = 1670336
[LOG] SystemI::createSoundInternal             :     exinfo->fileoffset         = 14592
[LOG] SystemI::createSoundInternal             :     exinfo->numsubsounds       = 1
[LOG] SystemI::createSoundInternal             :     exinfo->inclusionlist      = 000000004C59F5FC
[LOG] SystemI::createSoundInternal             :     exinfo->inclusionlistnum   = 1
[LOG] SystemI::createSoundInternal             :     exinfo->suggestedsoundtype = 5
[LOG] SystemI::createSoundInternal             :     exinfo->useropen           = 00007FFDFF3EE4B0
[LOG] SystemI::createSoundInternal             :     exinfo->userclose          = 00007FFDFF3EE480
[LOG] SystemI::createSoundInternal             :     exinfo->userread           = 00007FFDFF3EE580
[LOG] SystemI::createSoundInternal             :     exinfo->userseek           = 00007FFDFF3EE640
[LOG] SystemI::createSoundInternal             :     exinfo->fileuserdata       = 0000000066919838
[LOG] SystemI::createSoundInternal             :     exinfo->initialseekpostype = 1
[LOG] SystemI::DSPCodecPoolRegister            :     register codec pool for pool type 5
[LOG] SystemI::createSoundInternal             :     Sample 0/1: name='flying platform 3', format=2, channels=2, frequency=48000, lengthbytes=41088, lengthpcm=178615, pcmblocksize=0, loopstart=0, loopend=177691, mode=0x00000000, channelmask=0x00000000, channelorder=0, peakvolume=0.975300.
[LOG] SystemI::createSoundInternal             :     Stream 0/1: name='stinger5', format=2, channels=2, frequency=48000, lengthbytes=100480, lengthpcm=557056, pcmblocksize=0, loopstart=0, loopend=0, mode=0x00000000, channelmask=0x00000000, channelorder=0, peakvolume=0.221849.
[LOG] SystemI::createSoundInternal             :     Create name='', mode=0x02000202
[LOG] SystemI::createSoundInternal             :     exinfo->cbsize             = 232
[LOG] SystemI::createSoundInternal             :     exinfo->length             = 227808
[LOG] SystemI::createSoundInternal             :     exinfo->fileoffset         = 7744
[LOG] SystemI::createSoundInternal             :     exinfo->numsubsounds       = 1
[LOG] SystemI::createSoundInternal             :     exinfo->inclusionlist      = 000000004C59F5FC
[LOG] SystemI::createSoundInternal             :     exinfo->inclusionlistnum   = 1
[LOG] SystemI::createSoundInternal             :     exinfo->suggestedsoundtype = 5
[LOG] SystemI::createSoundInternal             :     exinfo->useropen           = 00007FFDFF3EE4B0
[LOG] SystemI::createSoundInternal             :     exinfo->userclose          = 00007FFDFF3EE480
[LOG] SystemI::createSoundInternal             :     exinfo->userread           = 00007FFDFF3EE580
[LOG] SystemI::createSoundInternal             :     exinfo->userseek           = 00007FFDFF3EE640
[LOG] SystemI::createSoundInternal             :     exinfo->fileuserdata       = 0000000066918518
[LOG] SystemI::createSoundInternal             :     exinfo->initialseekpostype = 1
[LOG] SystemI::DSPCodecPoolRegister            :     register codec pool for pool type 5
[LOG] SystemI::createSoundInternal             :     Sample 0/1: name='Elephant_appear', format=2, channels=2, frequency=48000, lengthbytes=28480, lengthpcm=147456, pcmblocksize=0, loopstart=0, loopend=0, mode=0x00000000, channelmask=0x00000000, channelorder=0, peakvolume=0.436689.
[LOG] Thread::initThread                       :     Init FMOD file thread. Priority: 1, Stack Size: 16384, Semaphore: No, Sleep Time: 10, Looping: Yes.
[LOG] SystemI::createSoundInternal             :     Create name='', mode=0x02000202
[LOG] SystemI::createSoundInternal             :     exinfo->cbsize             = 232
[LOG] SystemI::createSoundInternal             :     exinfo->length             = 227808
[LOG] SystemI::createSoundInternal             :     exinfo->fileoffset         = 7744
[LOG] SystemI::createSoundInternal             :     exinfo->numsubsounds       = 1
[LOG] SystemI::createSoundInternal             :     exinfo->inclusionlist      = 000000004C59F5FC
[LOG] SystemI::createSoundInternal             :     exinfo->inclusionlistnum   = 1
[LOG] SystemI::createSoundInternal             :     exinfo->suggestedsoundtype = 5
[LOG] SystemI::createSoundInternal             :     exinfo->useropen           = 00007FFDFF3EE4B0
[LOG] SystemI::createSoundInternal             :     exinfo->userclose          = 00007FFDFF3EE480
[LOG] SystemI::createSoundInternal             :     exinfo->userread           = 00007FFDFF3EE580
[LOG] SystemI::createSoundInternal             :     exinfo->userseek           = 00007FFDFF3EE640
[LOG] SystemI::createSoundInternal             :     exinfo->fileuserdata       = 0000000066918518
[LOG] SystemI::createSoundInternal             :     exinfo->initialseekpostype = 1
[LOG] SystemI::DSPCodecPoolRegister            :     register codec pool for pool type 5
[LOG] SystemI::createSoundInternal             :     Sample 0/1: name='cry1', format=2, channels=2, frequency=48000, lengthbytes=25376, lengthpcm=100251, pcmblocksize=0, loopstart=0, loopend=0, mode=0x00000000, channelmask=0x00000000, channelorder=0, peakvolume=0.975406.
[LOG] AsyncThread::threadFunc                  : Finished Asynchronous operation on sound 0000000057205FF8
[LOG] AsyncThread::threadFunc                  : Starting Asynchronous operation on sound 0000000057205C98
[LOG] SystemI::createSoundInternal             :     Create name='C:\Users\vasco\Documents\Vakuo\fmodproj\Build\Desktop/Music.bank', mode=0x02010082
[LOG] SystemI::createSoundInternal             :     exinfo->cbsize             = 232
[LOG] SystemI::createSoundInternal             :     exinfo->length             = 3312480
[LOG] SystemI::createSoundInternal             :     exinfo->fileoffset         = 8768
[LOG] SystemI::createSoundInternal             :     exinfo->numsubsounds       = 1
[LOG] SystemI::createSoundInternal             :     exinfo->inclusionlist      = 00000000572939E8
[LOG] SystemI::createSoundInternal             :     exinfo->inclusionlistnum   = 1
[LOG] SystemI::createSoundInternal             :     exinfo->suggestedsoundtype = 5
[LOG] SystemI::createSoundInternal             :     exinfo->initialseekpostype = 1
[LOG] SystemI::createSoundInternal             :     Stream 0/1: name='Bass_Bell_Transition', format=2, channels=2, frequency=48000, lengthbytes=532512, lengthpcm=1835045, pcmblocksize=0, loopstart=0, loopend=0, mode=0x00000000, channelmask=0x00000000, channelorder=0, peakvolume=0.303892.
[LOG] AsyncThread::threadFunc                  : Finished Asynchronous operation on sound 0000000057205C98
[LOG] AsyncThread::threadFunc                  : Starting Asynchronous operation on sound 0000000057206BC8
[LOG] SystemI::createSoundInternal             :     Create name='C:\Users\vasco\Documents\Vakuo\fmodproj\Build\Desktop/Music.bank', mode=0x02010082
[LOG] SystemI::createSoundInternal             :     exinfo->cbsize             = 232
[LOG] SystemI::createSoundInternal             :     exinfo->length             = 3312480
[LOG] SystemI::createSoundInternal             :     exinfo->fileoffset         = 8768
[LOG] SystemI::createSoundInternal             :     exinfo->numsubsounds       = 1
[LOG] SystemI::createSoundInternal             :     exinfo->inclusionlist      = 0000000057294708
[LOG] SystemI::createSoundInternal             :     exinfo->inclusionlistnum   = 1
[LOG] SystemI::createSoundInternal             :     exinfo->suggestedsoundtype = 5
[LOG] SystemI::createSoundInternal             :     exinfo->initialseekpostype = 1
[LOG] SystemI::createSoundInternal             :     Stream 0/1: name='Game_play_main_music', format=2, channels=2, frequency=48000, lengthbytes=2112896, lengthpcm=7646018, pcmblocksize=0, loopstart=0, loopend=0, mode=0x00000000, channelmask=0x00000000, channelorder=0, peakvolume=0.762768.
[LOG] AsyncThread::threadFunc                  : Finished Asynchronous operation on sound 0000000057206BC8
[LOG] SoundI::getSubSound                      : sound 0000000057205FF8.  Subsound index 0 / 1
[LOG] SoundI::getSubSound                      : sound 0000000057205C98.  Subsound index 0 / 1
[LOG] SoundI::getSubSound                      : sound 0000000057206BC8.  Subsound index 0 / 1
[LOG] SystemI::createSoundInternal             : Create name='', mode=0x02000202
[LOG] SystemI::createSoundInternal             : exinfo->cbsize             = 232
[LOG] SystemI::createSoundInternal             : exinfo->length             = 242784
[LOG] SystemI::createSoundInternal             : exinfo->fileoffset         = 21312
[LOG] SystemI::createSoundInternal             : exinfo->numsubsounds       = 1
[LOG] SystemI::createSoundInternal             : exinfo->inclusionlist      = 000000004C59F5FC
[LOG] SystemI::createSoundInternal             : exinfo->inclusionlistnum   = 1
[LOG] SystemI::createSoundInternal             : exinfo->suggestedsoundtype = 5
[LOG] SystemI::createSoundInternal             : exinfo->useropen           = 00007FFDFF3EE4B0
[LOG] SystemI::createSoundInternal             : exinfo->userclose          = 00007FFDFF3EE480
[LOG] SystemI::createSoundInternal             : exinfo->userread           = 00007FFDFF3EE580
[LOG] SystemI::createSoundInternal             : exinfo->userseek           = 00007FFDFF3EE640
[LOG] SystemI::createSoundInternal             : exinfo->fileuserdata       = 00000000596090E8
[LOG] SystemI::createSoundInternal             : exinfo->initialseekpostype = 1
[LOG] SystemI::DSPCodecPoolRegister            : register codec pool for pool type 5
[LOG] SystemI::createSoundInternal             : Sample 0/1: name='steps_4', format=2, channels=2, frequency=48000, lengthbytes=3072, lengthpcm=12000, pcmblocksize=0, loopstart=0, loopend=0, mode=0x00000000, channelmask=0x00000000, channelorder=0, peakvolume=0.429321.
[LOG] SystemI::createSoundInternal             : Create name='', mode=0x02000202
[LOG] SystemI::createSoundInternal             : exinfo->cbsize             = 232
[LOG] SystemI::createSoundInternal             : exinfo->length             = 242784
[LOG] SystemI::createSoundInternal             : exinfo->fileoffset         = 21312
[LOG] SystemI::createSoundInternal             : exinfo->numsubsounds       = 1
[LOG] SystemI::createSoundInternal             : exinfo->inclusionlist      = 000000004C59F5FC
[LOG] SystemI::createSoundInternal             : exinfo->inclusionlistnum   = 1
[LOG] SystemI::createSoundInternal             : exinfo->suggestedsoundtype = 5
[LOG] SystemI::createSoundInternal             : exinfo->useropen           = 00007FFDFF3EE4B0
[LOG] SystemI::createSoundInternal             : exinfo->userclose          = 00007FFDFF3EE480
[LOG] SystemI::createSoundInternal             : exinfo->userread           = 00007FFDFF3EE580
[LOG] SystemI::createSoundInternal             : exinfo->userseek           = 00007FFDFF3EE640
[LOG] SystemI::createSoundInternal             : exinfo->fileuserdata       = 00000000596090E8
[LOG] SystemI::createSoundInternal             : exinfo->initialseekpostype = 1
[LOG] SystemI::DSPCodecPoolRegister            : register codec pool for pool type 5
[LOG] SystemI::createSoundInternal             : Sample 0/1: name='steps_33', format=2, channels=2, frequency=48000, lengthbytes=5120, lengthpcm=19450, pcmblocksize=0, loopstart=0, loopend=0, mode=0x00000000, channelmask=0x00000000, channelorder=0, peakvolume=0.623840.
[LOG] SystemI::createSoundInternal             : Create name='', mode=0x02000202
[LOG] SystemI::createSoundInternal             : exinfo->cbsize             = 232
[LOG] SystemI::createSoundInternal             : exinfo->length             = 242784
[LOG] SystemI::createSoundInternal             : exinfo->fileoffset         = 21312
[LOG] SystemI::createSoundInternal             : exinfo->numsubsounds       = 1
[LOG] SystemI::createSoundInternal             : exinfo->inclusionlist      = 000000004C59F5FC
[LOG] SystemI::createSoundInternal             : exinfo->inclusionlistnum   = 1
[LOG] SystemI::createSoundInternal             : exinfo->suggestedsoundtype = 5
[LOG] SystemI::createSoundInternal             : exinfo->useropen           = 00007FFDFF3EE4B0
[LOG] SystemI::createSoundInternal             : exinfo->userclose          = 00007FFDFF3EE480
[LOG] SystemI::createSoundInternal             : exinfo->userread           = 00007FFDFF3EE580
[LOG] SystemI::createSoundInternal             : exinfo->userseek           = 00007FFDFF3EE640
[LOG] SystemI::createSoundInternal             : exinfo->fileuserdata       = 00000000596090E8
[LOG] SystemI::createSoundInternal             : exinfo->initialseekpostype = 1
[LOG] SystemI::DSPCodecPoolRegister            : register codec pool for pool type 5
[LOG] SystemI::createSoundInternal             : Sample 0/1: name='steps_5', format=2, channels=2, frequency=48000, lengthbytes=6304, lengthpcm=27000, pcmblocksize=0, loopstart=0, loopend=0, mode=0x00000000, channelmask=0x00000000, channelorder=0, peakvolume=0.395538.
[LOG] SystemI::createSoundInternal             : Create name='', mode=0x02000202
[LOG] SystemI::createSoundInternal             : exinfo->cbsize             = 232
[LOG] SystemI::createSoundInternal             : exinfo->length             = 242784
[LOG] SystemI::createSoundInternal             : exinfo->fileoffset         = 21312
[LOG] SystemI::createSoundInternal             : exinfo->numsubsounds       = 1
[LOG] SystemI::createSoundInternal             : exinfo->inclusionlist      = 000000004C59F5FC
[LOG] SystemI::createSoundInternal             : exinfo->inclusionlistnum   = 1
[LOG] SystemI::createSoundInternal             : exinfo->suggestedsoundtype = 5
[LOG] SystemI::createSoundInternal             : exinfo->useropen           = 00007FFDFF3EE4B0
[LOG] SystemI::createSoundInternal             : exinfo->userclose          = 00007FFDFF3EE480
[LOG] SystemI::createSoundInternal             : exinfo->userread           = 00007FFDFF3EE580
[LOG] SystemI::createSoundInternal             : exinfo->userseek           = 00007FFDFF3EE640
[LOG] SystemI::createSoundInternal             : exinfo->fileuserdata       = 00000000596090E8
[LOG] SystemI::createSoundInternal             : exinfo->initialseekpostype = 1
[LOG] SystemI::DSPCodecPoolRegister            : register codec pool for pool type 5
[LOG] SystemI::createSoundInternal             : Sample 0/1: name='steps_6', format=2, channels=2, frequency=48000, lengthbytes=6688, lengthpcm=30000, pcmblocksize=0, loopstart=0, loopend=0, mode=0x00000000, channelmask=0x00000000, channelorder=0, peakvolume=0.404602.
[LOG] SystemI::createSoundInternal             : Create name='', mode=0x02000202
[LOG] SystemI::createSoundInternal             : exinfo->cbsize             = 232
[LOG] SystemI::createSoundInternal             : exinfo->length             = 242784
[LOG] SystemI::createSoundInternal             : exinfo->fileoffset         = 21312
[LOG] SystemI::createSoundInternal             : exinfo->numsubsounds       = 1
[LOG] SystemI::createSoundInternal             : exinfo->inclusionlist      = 000000004C59F5FC
[LOG] SystemI::createSoundInternal             : exinfo->inclusionlistnum   = 1
[LOG] SystemI::createSoundInternal             : exinfo->suggestedsoundtype = 5
[LOG] SystemI::createSoundInternal             : exinfo->useropen           = 00007FFDFF3EE4B0
[LOG] SystemI::createSoundInternal             : exinfo->userclose          = 00007FFDFF3EE480
[LOG] SystemI::createSoundInternal             : exinfo->userread           = 00007FFDFF3EE580
[LOG] SystemI::createSoundInternal             : exinfo->userseek           = 00007FFDFF3EE640
[LOG] SystemI::createSoundInternal             : exinfo->fileuserdata       = 00000000596090E8
[LOG] SystemI::createSoundInternal             : exinfo->initialseekpostype = 1
[LOG] SystemI::DSPCodecPoolRegister            : register codec pool for pool type 5
[LOG] SystemI::createSoundInternal             : Sample 0/1: name='steps_31', format=2, channels=2, frequency=48000, lengthbytes=2848, lengthpcm=10333, pcmblocksize=0, loopstart=0, loopend=0, mode=0x00000000, channelmask=0x00000000, channelorder=0, peakvolume=0.420929.
[LOG] SystemI::createSoundInternal             : Create name='', mode=0x02000202
[LOG] SystemI::createSoundInternal             : exinfo->cbsize             = 232
[LOG] SystemI::createSoundInternal             : exinfo->length             = 242784
[LOG] SystemI::createSoundInternal             : exinfo->fileoffset         = 21312
[LOG] SystemI::createSoundInternal             : exinfo->numsubsounds       = 1
[LOG] SystemI::createSoundInternal             : exinfo->inclusionlist      = 000000004C59F5FC
[LOG] SystemI::createSoundInternal             : exinfo->inclusionlistnum   = 1
[LOG] SystemI::createSoundInternal             : exinfo->suggestedsoundtype = 5
[LOG] SystemI::createSoundInternal             : exinfo->useropen           = 00007FFDFF3EE4B0
[LOG] SystemI::createSoundInternal             : exinfo->userclose          = 00007FFDFF3EE480
[LOG] SystemI::createSoundInternal             : exinfo->userread           = 00007FFDFF3EE580
[LOG] SystemI::createSoundInternal             : exinfo->userseek           = 00007FFDFF3EE640
[LOG] SystemI::createSoundInternal             : exinfo->fileuserdata       = 00000000596090E8
[LOG] SystemI::createSoundInternal             : exinfo->initialseekpostype = 1
[LOG] SystemI::DSPCodecPoolRegister            : register codec pool for pool type 5
[LOG] SystemI::createSoundInternal             : Sample 0/1: name='steps_32', format=2, channels=2, frequency=48000, lengthbytes=3872, lengthpcm=14440, pcmblocksize=0, loopstart=0, loopend=0, mode=0x00000000, channelmask=0x00000000, channelorder=0, peakvolume=0.317993.
[LOG] SystemI::createSoundInternal             : Create name='', mode=0x02000202
[LOG] SystemI::createSoundInternal             : exinfo->cbsize             = 232
[LOG] SystemI::createSoundInternal             : exinfo->length             = 242784
[LOG] SystemI::createSoundInternal             : exinfo->fileoffset         = 21312
[LOG] SystemI::createSoundInternal             : exinfo->numsubsounds       = 1
[LOG] SystemI::createSoundInternal             : exinfo->inclusionlist      = 000000004C59F5FC
[LOG] SystemI::createSoundInternal             : exinfo->inclusionlistnum   = 1
[LOG] SystemI::createSoundInternal             : exinfo->suggestedsoundtype = 5
[LOG] SystemI::createSoundInternal             : exinfo->useropen           = 00007FFDFF3EE4B0
[LOG] SystemI::createSoundInternal             : exinfo->userclose          = 00007FFDFF3EE480
[LOG] SystemI::createSoundInternal             : exinfo->userread           = 00007FFDFF3EE580
[LOG] SystemI::createSoundInternal             : exinfo->userseek           = 00007FFDFF3EE640
[LOG] SystemI::createSoundInternal             : exinfo->fileuserdata       = 00000000596090E8
[LOG] SystemI::createSoundInternal             : exinfo->initialseekpostype = 1
[LOG] SystemI::DSPCodecPoolRegister            : register codec pool for pool type 5
[LOG] SystemI::createSoundInternal             : Sample 0/1: name='steps_30', format=2, channels=2, frequency=48000, lengthbytes=4128, lengthpcm=15633, pcmblocksize=0, loopstart=0, loopend=0, mode=0x00000000, channelmask=0x00000000, channelorder=0, peakvolume=0.473846.
[LOG] SystemI::createSoundInternal             : Create name='', mode=0x02000202
[LOG] SystemI::createSoundInternal             : exinfo->cbsize             = 232
[LOG] SystemI::createSoundInternal             : exinfo->length             = 242784
[LOG] SystemI::createSoundInternal             : exinfo->fileoffset         = 21312
[LOG] SystemI::createSoundInternal             : exinfo->numsubsounds       = 1
[LOG] SystemI::createSoundInternal             : exinfo->inclusionlist      = 000000004C59F5FC
[LOG] SystemI::createSoundInternal             : exinfo->inclusionlistnum   = 1
[LOG] SystemI::createSoundInternal             : exinfo->suggestedsoundtype = 5
[LOG] SystemI::createSoundInternal             : exinfo->useropen           = 00007FFDFF3EE4B0
[LOG] SystemI::createSoundInternal             : exinfo->userclose          = 00007FFDFF3EE480
[LOG] SystemI::createSoundInternal             : exinfo->userread           = 00007FFDFF3EE580
[LOG] SystemI::createSoundInternal             : exinfo->userseek           = 00007FFDFF3EE640
[LOG] SystemI::createSoundInternal             : exinfo->fileuserdata       = 00000000596090E8
[LOG] SystemI::createSoundInternal             : exinfo->initialseekpostype = 1
[LOG] SystemI::DSPCodecPoolRegister            : register codec pool for pool type 5
[LOG] SystemI::createSoundInternal             : Sample 0/1: name='steps_22', format=2, channels=2, frequency=48000, lengthbytes=2432, lengthpcm=10599, pcmblocksize=0, loopstart=0, loopend=0, mode=0x00000000, channelmask=0x00000000, channelorder=0, peakvolume=0.499146.
[LOG] SystemI::createSoundInternal             : Create name='', mode=0x02000202
[LOG] SystemI::createSoundInternal             : exinfo->cbsize             = 232
[LOG] SystemI::createSoundInternal             : exinfo->length             = 242784
[LOG] SystemI::createSoundInternal             : exinfo->fileoffset         = 21312
[LOG] SystemI::createSoundInternal             : exinfo->numsubsounds       = 1
[LOG] SystemI::createSoundInternal             : exinfo->inclusionlist      = 000000004C59F5FC
[LOG] SystemI::createSoundInternal             : exinfo->inclusionlistnum   = 1
[LOG] SystemI::createSoundInternal             : exinfo->suggestedsoundtype = 5
[LOG] SystemI::createSoundInternal             : exinfo->useropen           = 00007FFDFF3EE4B0
[LOG] SystemI::createSoundInternal             : exinfo->userclose          = 00007FFDFF3EE480
[LOG] SystemI::createSoundInternal             : exinfo->userread           = 00007FFDFF3EE580
[LOG] SystemI::createSoundInternal             : exinfo->userseek           = 00007FFDFF3EE640
[LOG] SystemI::createSoundInternal             : exinfo->fileuserdata       = 00000000596090E8
[LOG] SystemI::createSoundInternal             : exinfo->initialseekpostype = 1
[LOG] SystemI::DSPCodecPoolRegister            : register codec pool for pool type 5
[LOG] SystemI::createSoundInternal             : Sample 0/1: name='steps_1', format=2, channels=2, frequency=48000, lengthbytes=5184, lengthpcm=24000, pcmblocksize=0, loopstart=0, loopend=0, mode=0x00000000, channelmask=0x00000000, channelorder=0, peakvolume=0.489685.
[LOG] SystemI::createSoundInternal             : Create name='', mode=0x02000202
[LOG] SystemI::createSoundInternal             : exinfo->cbsize             = 232
[LOG] SystemI::createSoundInternal             : exinfo->length             = 242784
[LOG] SystemI::createSoundInternal             : exinfo->fileoffset         = 21312
[LOG] SystemI::createSoundInternal             : exinfo->numsubsounds       = 1
[LOG] SystemI::createSoundInternal             : exinfo->inclusionlist      = 000000004C59F5FC
[LOG] SystemI::createSoundInternal             : exinfo->inclusionlistnum   = 1
[LOG] SystemI::createSoundInternal             : exinfo->suggestedsoundtype = 5
[LOG] SystemI::createSoundInternal             : exinfo->useropen           = 00007FFDFF3EE4B0
[LOG] SystemI::createSoundInternal             : exinfo->userclose          = 00007FFDFF3EE480
[LOG] SystemI::createSoundInternal             : exinfo->userread           = 00007FFDFF3EE580
[LOG] SystemI::createSoundInternal             : exinfo->userseek           = 00007FFDFF3EE640
[LOG] SystemI::createSoundInternal             : exinfo->fileuserdata       = 00000000596090E8
[LOG] SystemI::createSoundInternal             : exinfo->initialseekpostype = 1
[LOG] SystemI::DSPCodecPoolRegister            : register codec pool for pool type 5
[LOG] SystemI::createSoundInternal             : Sample 0/1: name='steps_8', format=2, channels=2, frequency=48000, lengthbytes=4032, lengthpcm=18000, pcmblocksize=0, loopstart=0, loopend=0, mode=0x00000000, channelmask=0x00000000, channelorder=0, peakvolume=0.724426.
[LOG] SystemI::createSoundInternal             : Create name='', mode=0x02000202
[LOG] SystemI::createSoundInternal             : exinfo->cbsize             = 232
[LOG] SystemI::createSoundInternal             : exinfo->length             = 242784
[LOG] SystemI::createSoundInternal             : exinfo->fileoffset         = 21312
[LOG] SystemI::createSoundInternal             : exinfo->numsubsounds       = 1
[LOG] SystemI::createSoundInternal             : exinfo->inclusionlist      = 000000004C59F5FC
[LOG] SystemI::createSoundInternal             : exinfo->inclusionlistnum   = 1
[LOG] SystemI::createSoundInternal             : exinfo->suggestedsoundtype = 5
[LOG] SystemI::createSoundInternal             : exinfo->useropen           = 00007FFDFF3EE4B0
[LOG] SystemI::createSoundInternal             : exinfo->userclose          = 00007FFDFF3EE480
[LOG] SystemI::createSoundInternal             : exinfo->userread           = 00007FFDFF3EE580
[LOG] SystemI::createSoundInternal             : exinfo->userseek           = 00007FFDFF3EE640
[LOG] SystemI::createSoundInternal             : exinfo->fileuserdata       = 00000000596090E8
[LOG] SystemI::createSoundInternal             : exinfo->initialseekpostype = 1
[LOG] SystemI::DSPCodecPoolRegister            : register codec pool for pool type 5
[LOG] SystemI::createSoundInternal             : Sample 0/1: name='steps_9', format=2, channels=2, frequency=48000, lengthbytes=6496, lengthpcm=24000, pcmblocksize=0, loopstart=0, loopend=0, mode=0x00000000, channelmask=0x00000000, channelorder=0, peakvolume=0.407593.
[LOG] SystemI::createSoundInternal             : Create name='', mode=0x02000202
[LOG] SystemI::createSoundInternal             : exinfo->cbsize             = 232
[LOG] SystemI::createSoundInternal             : exinfo->length             = 242784
[LOG] SystemI::createSoundInternal             : exinfo->fileoffset         = 21312
[LOG] SystemI::createSoundInternal             : exinfo->numsubsounds       = 1
[LOG] SystemI::createSoundInternal             : exinfo->inclusionlist      = 000000004C59F5FC
[LOG] SystemI::createSoundInternal             : exinfo->inclusionlistnum   = 1
[LOG] SystemI::createSoundInternal             : exinfo->suggestedsoundtype = 5
[LOG] SystemI::createSoundInternal             : exinfo->useropen           = 00007FFDFF3EE4B0
[LOG] SystemI::createSoundInternal             : exinfo->userclose          = 00007FFDFF3EE480
[LOG] SystemI::createSoundInternal             : exinfo->userread           = 00007FFDFF3EE580
[LOG] SystemI::createSoundInternal             : exinfo->userseek           = 00007FFDFF3EE640
[LOG] SystemI::createSoundInternal             : exinfo->fileuserdata       = 00000000596090E8
[LOG] SystemI::createSoundInternal             : exinfo->initialseekpostype = 1
[LOG] SystemI::DSPCodecPoolRegister            : register codec pool for pool type 5
[LOG] SystemI::createSoundInternal             : Sample 0/1: name='steps_2', format=2, channels=2, frequency=48000, lengthbytes=3424, lengthpcm=15000, pcmblocksize=0, loopstart=0, loopend=0, mode=0x00000000, channelmask=0x00000000, channelorder=0, peakvolume=0.391357.
[LOG] SystemI::createSoundInternal             : Create name='', mode=0x02000202
[LOG] SystemI::createSoundInternal             : exinfo->cbsize             = 232
[LOG] SystemI::createSoundInternal             : exinfo->length             = 242784
[LOG] SystemI::createSoundInternal             : exinfo->fileoffset         = 21312
[LOG] SystemI::createSoundInternal             : exinfo->numsubsounds       = 1
[LOG] SystemI::createSoundInternal             : exinfo->inclusionlist      = 000000004C59F5FC
[LOG] SystemI::createSoundInternal             : exinfo->inclusionlistnum   = 1
[LOG] SystemI::createSoundInternal             : exinfo->suggestedsoundtype = 5
[LOG] SystemI::createSoundInternal             : exinfo->useropen           = 00007FFDFF3EE4B0
[LOG] SystemI::createSoundInternal             : exinfo->userclose          = 00007FFDFF3EE480
[LOG] SystemI::createSoundInternal             : exinfo->userread           = 00007FFDFF3EE580
[LOG] SystemI::createSoundInternal             : exinfo->userseek           = 00007FFDFF3EE640
[LOG] SystemI::createSoundInternal             : exinfo->fileuserdata       = 00000000596090E8
[LOG] SystemI::createSoundInternal             : exinfo->initialseekpostype = 1
[LOG] SystemI::DSPCodecPoolRegister            : register codec pool for pool type 5
[LOG] SystemI::createSoundInternal             : Sample 0/1: name='steps_24', format=2, channels=2, frequency=48000, lengthbytes=2784, lengthpcm=12188, pcmblocksize=0, loopstart=0, loopend=0, mode=0x00000000, channelmask=0x00000000, channelorder=0, peakvolume=0.687378.
[LOG] SystemI::createSoundInternal             : Create name='', mode=0x02000202
[LOG] SystemI::createSoundInternal             : exinfo->cbsize             = 232
[LOG] SystemI::createSoundInternal             : exinfo->length             = 242784
[LOG] SystemI::createSoundInternal             : exinfo->fileoffset         = 21312
[LOG] SystemI::createSoundInternal             : exinfo->numsubsounds       = 1
[LOG] SystemI::createSoundInternal             : exinfo->inclusionlist      = 000000004C59F5FC
[LOG] SystemI::createSoundInternal             : exinfo->inclusionlistnum   = 1
[LOG] SystemI::createSoundInternal             : exinfo->suggestedsoundtype = 5
[LOG] SystemI::createSoundInternal             : exinfo->useropen           = 00007FFDFF3EE4B0
[LOG] SystemI::createSoundInternal             : exinfo->userclose          = 00007FFDFF3EE480
[LOG] SystemI::createSoundInternal             : exinfo->userread           = 00007FFDFF3EE580
[LOG] SystemI::createSoundInternal             : exinfo->userseek           = 00007FFDFF3EE640
[LOG] SystemI::createSoundInternal             : exinfo->fileuserdata       = 00000000596090E8
[LOG] SystemI::createSoundInternal             : exinfo->initialseekpostype = 1
[LOG] SystemI::DSPCodecPoolRegister            : register codec pool for pool type 5
[LOG] SystemI::createSoundInternal             : Sample 0/1: name='steps_25', format=2, channels=2, frequency=48000, lengthbytes=3328, lengthpcm=12321, pcmblocksize=0, loopstart=0, loopend=0, mode=0x00000000, channelmask=0x00000000, channelorder=0, peakvolume=0.346375.
[LOG] SystemI::createSoundInternal             : Create name='', mode=0x02000202
[LOG] SystemI::createSoundInternal             : exinfo->cbsize             = 232
[LOG] SystemI::createSoundInternal             : exinfo->length             = 242784
[LOG] SystemI::createSoundInternal             : exinfo->fileoffset         = 21312
[LOG] SystemI::createSoundInternal             : exinfo->numsubsounds       = 1
[LOG] SystemI::createSoundInternal             : exinfo->inclusionlist      = 000000004C59F5FC
[LOG] SystemI::createSoundInternal             : exinfo->inclusionlistnum   = 1
[LOG] SystemI::createSoundInternal             : exinfo->suggestedsoundtype = 5
[LOG] SystemI::createSoundInternal             : exinfo->useropen           = 00007FFDFF3EE4B0
[LOG] SystemI::createSoundInternal             : exinfo->userclose          = 00007FFDFF3EE480
[LOG] SystemI::createSoundInternal             : exinfo->userread           = 00007FFDFF3EE580
[LOG] SystemI::createSoundInternal             : exinfo->userseek           = 00007FFDFF3EE640
[LOG] SystemI::createSoundInternal             : exinfo->fileuserdata       = 00000000596090E8
[LOG] SystemI::createSoundInternal             : exinfo->initialseekpostype = 1
[LOG] SystemI::DSPCodecPoolRegister            : register codec pool for pool type 5
[LOG] SystemI::createSoundInternal             : Sample 0/1: name='steps_16', format=2, channels=2, frequency=48000, lengthbytes=2400, lengthpcm=9000, pcmblocksize=0, loopstart=0, loopend=0, mode=0x00000000, channelmask=0x00000000, channelorder=0, peakvolume=0.394409.
[LOG] SystemI::createSoundInternal             : Create name='', mode=0x02000202
[LOG] SystemI::createSoundInternal             : exinfo->cbsize             = 232
[LOG] SystemI::createSoundInternal             : exinfo->length             = 242784
[LOG] SystemI::createSoundInternal             : exinfo->fileoffset         = 21312
[LOG] SystemI::createSoundInternal             : exinfo->numsubsounds       = 1
[LOG] SystemI::createSoundInternal             : exinfo->inclusionlist      = 000000004C59F5FC
[LOG] SystemI::createSoundInternal             : exinfo->inclusionlistnum   = 1
[LOG] SystemI::createSoundInternal             : exinfo->suggestedsoundtype = 5
[LOG] SystemI::createSoundInternal             : exinfo->useropen           = 00007FFDFF3EE4B0
[LOG] SystemI::createSoundInternal             : exinfo->userclose          = 00007FFDFF3EE480
[LOG] SystemI::createSoundInternal             : exinfo->userread           = 00007FFDFF3EE580
[LOG] SystemI::createSoundInternal             : exinfo->userseek           = 00007FFDFF3EE640
[LOG] SystemI::createSoundInternal             : exinfo->fileuserdata       = 00000000596090E8
[LOG] SystemI::createSoundInternal             : exinfo->initialseekpostype = 1
[LOG] SystemI::DSPCodecPoolRegister            : register codec pool for pool type 5
[LOG] SystemI::createSoundInternal             : Sample 0/1: name='steps_19', format=2, channels=2, frequency=48000, lengthbytes=4000, lengthpcm=16030, pcmblocksize=0, loopstart=0, loopend=0, mode=0x00000000, channelmask=0x00000000, channelorder=0, peakvolume=0.647583.
[LOG] SystemI::createSoundInternal             : Create name='', mode=0x02000202
[LOG] SystemI::createSoundInternal             : exinfo->cbsize             = 232
[LOG] SystemI::createSoundInternal             : exinfo->length             = 242784
[LOG] SystemI::createSoundInternal             : exinfo->fileoffset         = 21312
[LOG] SystemI::createSoundInternal             : exinfo->numsubsounds       = 1
[LOG] SystemI::createSoundInternal             : exinfo->inclusionlist      = 000000004C59F5FC
[LOG] SystemI::createSoundInternal             : exinfo->inclusionlistnum   = 1
[LOG] SystemI::createSoundInternal             : exinfo->suggestedsoundtype = 5
[LOG] SystemI::createSoundInternal             : exinfo->useropen           = 00007FFDFF3EE4B0
[LOG] SystemI::createSoundInternal             : exinfo->userclose          = 00007FFDFF3EE480
[LOG] SystemI::createSoundInternal             : exinfo->userread           = 00007FFDFF3EE580
[LOG] SystemI::createSoundInternal             : exinfo->userseek           = 00007FFDFF3EE640
[LOG] SystemI::createSoundInternal             : exinfo->fileuserdata       = 00000000596090E8
[LOG] SystemI::createSoundInternal             : exinfo->initialseekpostype = 1
[LOG] SystemI::DSPCodecPoolRegister            : register codec pool for pool type 5
[LOG] SystemI::createSoundInternal             : Sample 0/1: name='steps_20', format=2, channels=2, frequency=48000, lengthbytes=3776, lengthpcm=13512, pcmblocksize=0, loopstart=0, loopend=0, mode=0x00000000, channelmask=0x00000000, channelorder=0, peakvolume=0.311188.
[LOG] SystemI::createSoundInternal             : Create name='', mode=0x02000202
[LOG] SystemI::createSoundInternal             : exinfo->cbsize             = 232
[LOG] SystemI::createSoundInternal             : exinfo->length             = 242784
[LOG] SystemI::createSoundInternal             : exinfo->fileoffset         = 21312
[LOG] SystemI::createSoundInternal             : exinfo->numsubsounds       = 1
[LOG] SystemI::createSoundInternal             : exinfo->inclusionlist      = 000000004C59F5FC
[LOG] SystemI::createSoundInternal             : exinfo->inclusionlistnum   = 1
[LOG] SystemI::createSoundInternal             : exinfo->suggestedsoundtype = 5
[LOG] SystemI::createSoundInternal             : exinfo->useropen           = 00007FFDFF3EE4B0
[LOG] SystemI::createSoundInternal             : exinfo->userclose          = 00007FFDFF3EE480
[LOG] SystemI::createSoundInternal             : exinfo->userread           = 00007FFDFF3EE580
[LOG] SystemI::createSoundInternal             : exinfo->userseek           = 00007FFDFF3EE640
[LOG] SystemI::createSoundInternal             : exinfo->fileuserdata       = 00000000596090E8
[LOG] SystemI::createSoundInternal             : exinfo->initialseekpostype = 1
[LOG] SystemI::DSPCodecPoolRegister            : register codec pool for pool type 5
[LOG] SystemI::createSoundInternal             : Sample 0/1: name='steps_7', format=2, channels=2, frequency=48000, lengthbytes=3872, lengthpcm=18000, pcmblocksize=0, loopstart=0, loopend=0, mode=0x00000000, channelmask=0x00000000, channelorder=0, peakvolume=0.349121.
[LOG] SystemI::createSoundInternal             : Create name='', mode=0x02000202
[LOG] SystemI::createSoundInternal             : exinfo->cbsize             = 232
[LOG] SystemI::createSoundInternal             : exinfo->length             = 242784
[LOG] SystemI::createSoundInternal             : exinfo->fileoffset         = 21312
[LOG] SystemI::createSoundInternal             : exinfo->numsubsounds       = 1
[LOG] SystemI::createSoundInternal             : exinfo->inclusionlist      = 000000004C59F5FC
[LOG] SystemI::createSoundInternal             : exinfo->inclusionlistnum   = 1
[LOG] SystemI::createSoundInternal             : exinfo->suggestedsoundtype = 5
[LOG] SystemI::createSoundInternal             : exinfo->useropen           = 00007FFDFF3EE4B0
[LOG] SystemI::createSoundInternal             : exinfo->userclose          = 00007FFDFF3EE480
[LOG] SystemI::createSoundInternal             : exinfo->userread           = 00007FFDFF3EE580
[LOG] SystemI::createSoundInternal             : exinfo->userseek           = 00007FFDFF3EE640
[LOG] SystemI::createSoundInternal             : exinfo->fileuserdata       = 00000000596090E8
[LOG] SystemI::createSoundInternal             : exinfo->initialseekpostype = 1
[LOG] SystemI::DSPCodecPoolRegister            : register codec pool for pool type 5
[LOG] SystemI::createSoundInternal             : Sample 0/1: name='steps_23', format=2, channels=2, frequency=48000, lengthbytes=4800, lengthpcm=19077, pcmblocksize=0, loopstart=0, loopend=0, mode=0x00000000, channelmask=0x00000000, channelorder=0, peakvolume=0.636547.
[LOG] SystemI::createSoundInternal             : Create name='', mode=0x02000202
[LOG] SystemI::createSoundInternal             : exinfo->cbsize             = 232
[LOG] SystemI::createSoundInternal             : exinfo->length             = 242784
[LOG] SystemI::createSoundInternal             : exinfo->fileoffset         = 21312
[LOG] SystemI::createSoundInternal             : exinfo->numsubsounds       = 1
[LOG] SystemI::createSoundInternal             : exinfo->inclusionlist      = 000000004C59F5FC
[LOG] SystemI::createSoundInternal             : exinfo->inclusionlistnum   = 1
[LOG] SystemI::createSoundInternal             : exinfo->suggestedsoundtype = 5
[LOG] SystemI::createSoundInternal             : exinfo->useropen           = 00007FFDFF3EE4B0
[LOG] SystemI::createSoundInternal             : exinfo->userclose          = 00007FFDFF3EE480
[LOG] SystemI::createSoundInternal             : exinfo->userread           = 00007FFDFF3EE580
[LOG] SystemI::createSoundInternal             : exinfo->userseek           = 00007FFDFF3EE640
[LOG] SystemI::createSoundInternal             : exinfo->fileuserdata       = 00000000596090E8
[LOG] SystemI::createSoundInternal             : exinfo->initialseekpostype = 1
[LOG] SystemI::DSPCodecPoolRegister            : register codec pool for pool type 5
[LOG] SystemI::createSoundInternal             : Sample 0/1: name='steps_34', format=2, channels=2, frequency=48000, lengthbytes=4320, lengthpcm=18138, pcmblocksize=0, loopstart=0, loopend=0, mode=0x00000000, channelmask=0x00000000, channelorder=0, peakvolume=0.323517.
[LOG] SystemI::createSoundInternal             : Create name='', mode=0x02000202
[LOG] SystemI::createSoundInternal             : exinfo->cbsize             = 232
[LOG] SystemI::createSoundInternal             : exinfo->length             = 242784
[LOG] SystemI::createSoundInternal             : exinfo->fileoffset         = 21312
[LOG] SystemI::createSoundInternal             : exinfo->numsubsounds       = 1
[LOG] SystemI::createSoundInternal             : exinfo->inclusionlist      = 000000004C59F5FC
[LOG] SystemI::createSoundInternal             : exinfo->inclusionlistnum   = 1
[LOG] SystemI::createSoundInternal             : exinfo->suggestedsoundtype = 5
[LOG] SystemI::createSoundInternal             : exinfo->useropen           = 00007FFDFF3EE4B0
[LOG] SystemI::createSoundInternal             : exinfo->userclose          = 00007FFDFF3EE480
[LOG] SystemI::createSoundInternal             : exinfo->userread           = 00007FFDFF3EE580
[LOG] SystemI::createSoundInternal             : exinfo->userseek           = 00007FFDFF3EE640
[LOG] SystemI::createSoundInternal             : exinfo->fileuserdata       = 00000000596090E8
[LOG] SystemI::createSoundInternal             : exinfo->initialseekpostype = 1
[LOG] SystemI::DSPCodecPoolRegister            : register codec pool for pool type 5
[LOG] SystemI::createSoundInternal             : Sample 0/1: name='steps_27', format=2, channels=2, frequency=48000, lengthbytes=3232, lengthpcm=13645, pcmblocksize=0, loopstart=0, loopend=0, mode=0x00000000, channelmask=0x00000000, channelorder=0, peakvolume=0.840393.
[LOG] SystemI::createSoundInternal             : Create name='', mode=0x02000202
[LOG] SystemI::createSoundInternal             : exinfo->cbsize             = 232
[LOG] SystemI::createSoundInternal             : exinfo->length             = 242784
[LOG] SystemI::createSoundInternal             : exinfo->fileoffset         = 21312
[LOG] SystemI::createSoundInternal             : exinfo->numsubsounds       = 1
[LOG] SystemI::createSoundInternal             : exinfo->inclusionlist      = 000000004C59F5FC
[LOG] SystemI::createSoundInternal             : exinfo->inclusionlistnum   = 1
[LOG] SystemI::createSoundInternal             : exinfo->suggestedsoundtype = 5
[LOG] SystemI::createSoundInternal             : exinfo->useropen           = 00007FFDFF3EE4B0
[LOG] SystemI::createSoundInternal             : exinfo->userclose          = 00007FFDFF3EE480
[LOG] SystemI::createSoundInternal             : exinfo->userread           = 00007FFDFF3EE580
[LOG] SystemI::createSoundInternal             : exinfo->userseek           = 00007FFDFF3EE640
[LOG] SystemI::createSoundInternal             : exinfo->fileuserdata       = 00000000596090E8
[LOG] SystemI::createSoundInternal             : exinfo->initialseekpostype = 1
[LOG] SystemI::DSPCodecPoolRegister            : register codec pool for pool type 5
[LOG] SystemI::createSoundInternal             : Sample 0/1: name='steps_17', format=2, channels=2, frequency=48000, lengthbytes=2144, lengthpcm=9000, pcmblocksize=0, loopstart=0, loopend=0, mode=0x00000000, channelmask=0x00000000, channelorder=0, peakvolume=0.305176.
[LOG] SystemI::createSoundInternal             : Create name='', mode=0x02000202
[LOG] SystemI::createSoundInternal             : exinfo->cbsize             = 232
[LOG] SystemI::createSoundInternal             : exinfo->length             = 242784
[LOG] SystemI::createSoundInternal             : exinfo->fileoffset         = 21312
[LOG] SystemI::createSoundInternal             : exinfo->numsubsounds       = 1
[LOG] SystemI::createSoundInternal             : exinfo->inclusionlist      = 000000004C59F5FC
[LOG] SystemI::createSoundInternal             : exinfo->inclusionlistnum   = 1
[LOG] SystemI::createSoundInternal             : exinfo->suggestedsoundtype = 5
[LOG] SystemI::createSoundInternal             : exinfo->useropen           = 00007FFDFF3EE4B0
[LOG] SystemI::createSoundInternal             : exinfo->userclose          = 00007FFDFF3EE480
[LOG] SystemI::createSoundInternal             : exinfo->userread           = 00007FFDFF3EE580
[LOG] SystemI::createSoundInternal             : exinfo->userseek           = 00007FFDFF3EE640
[LOG] SystemI::createSoundInternal             : exinfo->fileuserdata       = 00000000596090E8
[LOG] SystemI::createSoundInternal             : exinfo->initialseekpostype = 1
[LOG] SystemI::DSPCodecPoolRegister            : register codec pool for pool type 5
[LOG] SystemI::createSoundInternal             : Sample 0/1: name='steps_15', format=2, channels=2, frequency=48000, lengthbytes=2112, lengthpcm=9000, pcmblocksize=0, loopstart=0, loopend=0, mode=0x00000000, channelmask=0x00000000, channelorder=0, peakvolume=0.443573.
[LOG] SystemI::createSoundInternal             : Create name='', mode=0x02000202
[LOG] SystemI::createSoundInternal             : exinfo->cbsize             = 232
[LOG] SystemI::createSoundInternal             : exinfo->length             = 242784
[LOG] SystemI::createSoundInternal             : exinfo->fileoffset         = 21312
[LOG] SystemI::createSoundInternal             : exinfo->numsubsounds       = 1
[LOG] SystemI::createSoundInternal             : exinfo->inclusionlist      = 000000004C59F5FC
[LOG] SystemI::createSoundInternal             : exinfo->inclusionlistnum   = 1
[LOG] SystemI::createSoundInternal             : exinfo->suggestedsoundtype = 5
[LOG] SystemI::createSoundInternal             : exinfo->useropen           = 00007FFDFF3EE4B0
[LOG] SystemI::createSoundInternal             : exinfo->userclose          = 00007FFDFF3EE480
[LOG] SystemI::createSoundInternal             : exinfo->userread           = 00007FFDFF3EE580
[LOG] SystemI::createSoundInternal             : exinfo->userseek           = 00007FFDFF3EE640
[LOG] SystemI::createSoundInternal             : exinfo->fileuserdata       = 00000000596090E8
[LOG] SystemI::createSoundInternal             : exinfo->initialseekpostype = 1
[LOG] SystemI::DSPCodecPoolRegister            : register codec pool for pool type 5
[LOG] SystemI::createSoundInternal             : Sample 0/1: name='steps_26', format=2, channels=2, frequency=48000, lengthbytes=3040, lengthpcm=10863, pcmblocksize=0, loopstart=0, loopend=0, mode=0x00000000, channelmask=0x00000000, channelorder=0, peakvolume=0.418671.
[LOG] SystemI::createSoundInternal             : Create name='', mode=0x02000202
[LOG] SystemI::createSoundInternal             : exinfo->cbsize             = 232
[LOG] SystemI::createSoundInternal             : exinfo->length             = 242784
[LOG] SystemI::createSoundInternal             : exinfo->fileoffset         = 21312
[LOG] SystemI::createSoundInternal             : exinfo->numsubsounds       = 1
[LOG] SystemI::createSoundInternal             : exinfo->inclusionlist      = 000000004C59F5FC
[LOG] SystemI::createSoundInternal             : exinfo->inclusionlistnum   = 1
[LOG] SystemI::createSoundInternal             : exinfo->suggestedsoundtype = 5
[LOG] SystemI::createSoundInternal             : exinfo->useropen           = 00007FFDFF3EE4B0
[LOG] SystemI::createSoundInternal             : exinfo->userclose          = 00007FFDFF3EE480
[LOG] SystemI::createSoundInternal             : exinfo->userread           = 00007FFDFF3EE580
[LOG] SystemI::createSoundInternal             : exinfo->userseek           = 00007FFDFF3EE640
[LOG] SystemI::createSoundInternal             : exinfo->fileuserdata       = 00000000596090E8
[LOG] SystemI::createSoundInternal             : exinfo->initialseekpostype = 1
[LOG] SystemI::DSPCodecPoolRegister            : register codec pool for pool type 5
[LOG] SystemI::createSoundInternal             : Sample 0/1: name='steps_12', format=2, channels=2, frequency=48000, lengthbytes=5856, lengthpcm=24000, pcmblocksize=0, loopstart=0, loopend=0, mode=0x00000000, channelmask=0x00000000, channelorder=0, peakvolume=0.329163.
[LOG] SystemI::createSoundInternal             : Create name='', mode=0x02000202
[LOG] SystemI::createSoundInternal             : exinfo->cbsize             = 232
[LOG] SystemI::createSoundInternal             : exinfo->length             = 242784
[LOG] SystemI::createSoundInternal             : exinfo->fileoffset         = 21312
[LOG] SystemI::createSoundInternal             : exinfo->numsubsounds       = 1
[LOG] SystemI::createSoundInternal             : exinfo->inclusionlist      = 000000004C59F5FC
[LOG] SystemI::createSoundInternal             : exinfo->inclusionlistnum   = 1
[LOG] SystemI::createSoundInternal             : exinfo->suggestedsoundtype = 5
[LOG] SystemI::createSoundInternal             : exinfo->useropen           = 00007FFDFF3EE4B0
[LOG] SystemI::createSoundInternal             : exinfo->userclose          = 00007FFDFF3EE480
[LOG] SystemI::createSoundInternal             : exinfo->userread           = 00007FFDFF3EE580
[LOG] SystemI::createSoundInternal             : exinfo->userseek           = 00007FFDFF3EE640
[LOG] SystemI::createSoundInternal             : exinfo->fileuserdata       = 00000000596090E8
[LOG] SystemI::createSoundInternal             : exinfo->initialseekpostype = 1
[LOG] SystemI::DSPCodecPoolRegister            : register codec pool for pool type 5
[LOG] SystemI::createSoundInternal             : Sample 0/1: name='steps_18', format=2, channels=2, frequency=48000, lengthbytes=4800, lengthpcm=18000, pcmblocksize=0, loopstart=0, loopend=0, mode=0x00000000, channelmask=0x00000000, channelorder=0, peakvolume=0.367981.
[LOG] SystemI::createSoundInternal             : Create name='', mode=0x02000202
[LOG] SystemI::createSoundInternal             : exinfo->cbsize             = 232
[LOG] SystemI::createSoundInternal             : exinfo->length             = 242784
[LOG] SystemI::createSoundInternal             : exinfo->fileoffset         = 21312
[LOG] SystemI::createSoundInternal             : exinfo->numsubsounds       = 1
[LOG] SystemI::createSoundInternal             : exinfo->inclusionlist      = 000000004C59F5FC
[LOG] SystemI::createSoundInternal             : exinfo->inclusionlistnum   = 1
[LOG] SystemI::createSoundInternal             : exinfo->suggestedsoundtype = 5
[LOG] SystemI::createSoundInternal             : exinfo->useropen           = 00007FFDFF3EE4B0
[LOG] SystemI::createSoundInternal             : exinfo->userclose          = 00007FFDFF3EE480
[LOG] SystemI::createSoundInternal             : exinfo->userread           = 00007FFDFF3EE580
[LOG] SystemI::createSoundInternal             : exinfo->userseek           = 00007FFDFF3EE640
[LOG] SystemI::createSoundInternal             : exinfo->fileuserdata       = 00000000596090E8
[LOG] SystemI::createSoundInternal             : exinfo->initialseekpostype = 1
[LOG] SystemI::DSPCodecPoolRegister            : register codec pool for pool type 5
[LOG] SystemI::createSoundInternal             : Sample 0/1: name='steps_3', format=2, channels=2, frequency=48000, lengthbytes=2944, lengthpcm=12000, pcmblocksize=0, loopstart=0, loopend=0, mode=0x00000000, channelmask=0x00000000, channelorder=0, peakvolume=0.391571.
[LOG] SystemI::createSoundInternal             : Create name='', mode=0x02000202
[LOG] SystemI::createSoundInternal             : exinfo->cbsize             = 232
[LOG] SystemI::createSoundInternal             : exinfo->length             = 242784
[LOG] SystemI::createSoundInternal             : exinfo->fileoffset         = 21312
[LOG] SystemI::createSoundInternal             : exinfo->numsubsounds       = 1
[LOG] SystemI::createSoundInternal             : exinfo->inclusionlist      = 000000004C59F5FC
[LOG] SystemI::createSoundInternal             : exinfo->inclusionlistnum   = 1
[LOG] SystemI::createSoundInternal             : exinfo->suggestedsoundtype = 5
[LOG] SystemI::createSoundInternal             : exinfo->useropen           = 00007FFDFF3EE4B0
[LOG] SystemI::createSoundInternal             : exinfo->userclose          = 00007FFDFF3EE480
[LOG] SystemI::createSoundInternal             : exinfo->userread           = 00007FFDFF3EE580
[LOG] SystemI::createSoundInternal             : exinfo->userseek           = 00007FFDFF3EE640
[LOG] SystemI::createSoundInternal             : exinfo->fileuserdata       = 00000000596090E8
[LOG] SystemI::createSoundInternal             : exinfo->initialseekpostype = 1
[LOG] SystemI::DSPCodecPoolRegister            : register codec pool for pool type 5
[LOG] SystemI::createSoundInternal             : Sample 0/1: name='steps_13', format=2, channels=2, frequency=48000, lengthbytes=6048, lengthpcm=27000, pcmblocksize=0, loopstart=0, loopend=0, mode=0x00000000, channelmask=0x00000000, channelorder=0, peakvolume=0.266815.
[LOG] SystemI::createSoundInternal             : Create name='', mode=0x02000202
[LOG] SystemI::createSoundInternal             : exinfo->cbsize             = 232
[LOG] SystemI::createSoundInternal             : exinfo->length             = 242784
[LOG] SystemI::createSoundInternal             : exinfo->fileoffset         = 21312
[LOG] SystemI::createSoundInternal             : exinfo->numsubsounds       = 1
[LOG] SystemI::createSoundInternal             : exinfo->inclusionlist      = 000000004C59F5FC
[LOG] SystemI::createSoundInternal             : exinfo->inclusionlistnum   = 1
[LOG] SystemI::createSoundInternal             : exinfo->suggestedsoundtype = 5
[LOG] SystemI::createSoundInternal             : exinfo->useropen           = 00007FFDFF3EE4B0
[LOG] SystemI::createSoundInternal             : exinfo->userclose          = 00007FFDFF3EE480
[LOG] SystemI::createSoundInternal             : exinfo->userread           = 00007FFDFF3EE580
[LOG] SystemI::createSoundInternal             : exinfo->userseek           = 00007FFDFF3EE640
[LOG] SystemI::createSoundInternal             : exinfo->fileuserdata       = 00000000596090E8
[LOG] SystemI::createSoundInternal             : exinfo->initialseekpostype = 1
[LOG] SystemI::DSPCodecPoolRegister            : register codec pool for pool type 5
[LOG] SystemI::createSoundInternal             : Sample 0/1: name='steps_14', format=2, channels=2, frequency=48000, lengthbytes=8608, lengthpcm=33000, pcmblocksize=0, loopstart=0, loopend=0, mode=0x00000000, channelmask=0x00000000, channelorder=0, peakvolume=0.379425.
[LOG] SystemI::createSoundInternal             : Create name='', mode=0x02000202
[LOG] SystemI::createSoundInternal             : exinfo->cbsize             = 232
[LOG] SystemI::createSoundInternal             : exinfo->length             = 242784
[LOG] SystemI::createSoundInternal             : exinfo->fileoffset         = 21312
[LOG] SystemI::createSoundInternal             : exinfo->numsubsounds       = 1
[LOG] SystemI::createSoundInternal             : exinfo->inclusionlist      = 000000004C59F5FC
[LOG] SystemI::createSoundInternal             : exinfo->inclusionlistnum   = 1
[LOG] SystemI::createSoundInternal             : exinfo->suggestedsoundtype = 5
[LOG] SystemI::createSoundInternal             : exinfo->useropen           = 00007FFDFF3EE4B0
[LOG] SystemI::createSoundInternal             : exinfo->userclose          = 00007FFDFF3EE480
[LOG] SystemI::createSoundInternal             : exinfo->userread           = 00007FFDFF3EE580
[LOG] SystemI::createSoundInternal             : exinfo->userseek           = 00007FFDFF3EE640
[LOG] SystemI::createSoundInternal             : exinfo->fileuserdata       = 00000000596090E8
[LOG] SystemI::createSoundInternal             : exinfo->initialseekpostype = 1
[LOG] SystemI::DSPCodecPoolRegister            : register codec pool for pool type 5
[LOG] SystemI::createSoundInternal             : Sample 0/1: name='steps_11', format=2, channels=2, frequency=48000, lengthbytes=3808, lengthpcm=15000, pcmblocksize=0, loopstart=0, loopend=0, mode=0x00000000, channelmask=0x00000000, channelorder=0, peakvolume=0.314941.
[LOG] SystemI::createSoundInternal             : Create name='', mode=0x02000202
[LOG] SystemI::createSoundInternal             : exinfo->cbsize             = 232
[LOG] SystemI::createSoundInternal             : exinfo->length             = 242784
[LOG] SystemI::createSoundInternal             : exinfo->fileoffset         = 21312
[LOG] SystemI::createSoundInternal             : exinfo->numsubsounds       = 1
[LOG] SystemI::createSoundInternal             : exinfo->inclusionlist      = 000000004C59F5FC
[LOG] SystemI::createSoundInternal             : exinfo->inclusionlistnum   = 1
[LOG] SystemI::createSoundInternal             : exinfo->suggestedsoundtype = 5
[LOG] SystemI::createSoundInternal             : exinfo->useropen           = 00007FFDFF3EE4B0
[LOG] SystemI::createSoundInternal             : exinfo->userclose          = 00007FFDFF3EE480
[LOG] SystemI::createSoundInternal             : exinfo->userread           = 00007FFDFF3EE580
[LOG] SystemI::createSoundInternal             : exinfo->userseek           = 00007FFDFF3EE640
[LOG] SystemI::createSoundInternal             : exinfo->fileuserdata       = 00000000596090E8
[LOG] SystemI::createSoundInternal             : exinfo->initialseekpostype = 1
[LOG] SystemI::DSPCodecPoolRegister            : register codec pool for pool type 5
[LOG] SystemI::createSoundInternal             : Sample 0/1: name='steps_28', format=2, channels=2, frequency=48000, lengthbytes=3200, lengthpcm=14440, pcmblocksize=0, loopstart=0, loopend=0, mode=0x00000000, channelmask=0x00000000, channelorder=0, peakvolume=0.722412.
[LOG] SystemI::createSoundInternal             : Create name='', mode=0x02000202
[LOG] SystemI::createSoundInternal             : exinfo->cbsize             = 232
[LOG] SystemI::createSoundInternal             : exinfo->length             = 242784
[LOG] SystemI::createSoundInternal             : exinfo->fileoffset         = 21312
[LOG] SystemI::createSoundInternal             : exinfo->numsubsounds       = 1
[LOG] SystemI::createSoundInternal             : exinfo->inclusionlist      = 000000004C59F5FC
[LOG] SystemI::createSoundInternal             : exinfo->inclusionlistnum   = 1
[LOG] SystemI::createSoundInternal             : exinfo->suggestedsoundtype = 5
[LOG] SystemI::createSoundInternal             : exinfo->useropen           = 00007FFDFF3EE4B0
[LOG] SystemI::createSoundInternal             : exinfo->userclose          = 00007FFDFF3EE480
[LOG] SystemI::createSoundInternal             : exinfo->userread           = 00007FFDFF3EE580
[LOG] SystemI::createSoundInternal             : exinfo->userseek           = 00007FFDFF3EE640
[LOG] SystemI::createSoundInternal             : exinfo->fileuserdata       = 00000000596090E8
[LOG] SystemI::createSoundInternal             : exinfo->initialseekpostype = 1
[LOG] SystemI::DSPCodecPoolRegister            : register codec pool for pool type 5
[LOG] SystemI::createSoundInternal             : Sample 0/1: name='steps_29', format=2, channels=2, frequency=48000, lengthbytes=4128, lengthpcm=15367, pcmblocksize=0, loopstart=0, loopend=0, mode=0x00000000, channelmask=0x00000000, channelorder=0, peakvolume=0.840393.
[LOG] SystemI::createSoundInternal             : Create name='', mode=0x02000202
[LOG] SystemI::createSoundInternal             : exinfo->cbsize             = 232
[LOG] SystemI::createSoundInternal             : exinfo->length             = 242784
[LOG] SystemI::createSoundInternal             : exinfo->fileoffset         = 21312
[LOG] SystemI::createSoundInternal             : exinfo->numsubsounds       = 1
[LOG] SystemI::createSoundInternal             : exinfo->inclusionlist      = 000000004C59F5FC
[LOG] SystemI::createSoundInternal             : exinfo->inclusionlistnum   = 1
[LOG] SystemI::createSoundInternal             : exinfo->suggestedsoundtype = 5
[LOG] SystemI::createSoundInternal             : exinfo->useropen           = 00007FFDFF3EE4B0
[LOG] SystemI::createSoundInternal             : exinfo->userclose          = 00007FFDFF3EE480
[LOG] SystemI::createSoundInternal             : exinfo->userread           = 00007FFDFF3EE580
[LOG] SystemI::createSoundInternal             : exinfo->userseek           = 00007FFDFF3EE640
[LOG] SystemI::createSoundInternal             : exinfo->fileuserdata       = 00000000596090E8
[LOG] SystemI::createSoundInternal             : exinfo->initialseekpostype = 1
[LOG] SystemI::DSPCodecPoolRegister            : register codec pool for pool type 5
[LOG] SystemI::createSoundInternal             : Sample 0/1: name='steps_21', format=2, channels=2, frequency=48000, lengthbytes=2496, lengthpcm=9141, pcmblocksize=0, loopstart=0, loopend=0, mode=0x00000000, channelmask=0x00000000, channelorder=0, peakvolume=0.446716.
[LOG] SystemI::createSoundInternal             : Create name='', mode=0x02000202
[LOG] SystemI::createSoundInternal             : exinfo->cbsize             = 232
[LOG] SystemI::createSoundInternal             : exinfo->length             = 242784
[LOG] SystemI::createSoundInternal             : exinfo->fileoffset         = 21312
[LOG] SystemI::createSoundInternal             : exinfo->numsubsounds       = 1
[LOG] SystemI::createSoundInternal             : exinfo->inclusionlist      = 000000004C59F5FC
[LOG] SystemI::createSoundInternal             : exinfo->inclusionlistnum   = 1
[LOG] SystemI::createSoundInternal             : exinfo->suggestedsoundtype = 5
[LOG] SystemI::createSoundInternal             : exinfo->useropen           = 00007FFDFF3EE4B0
[LOG] SystemI::createSoundInternal             : exinfo->userclose          = 00007FFDFF3EE480
[LOG] SystemI::createSoundInternal             : exinfo->userread           = 00007FFDFF3EE580
[LOG] SystemI::createSoundInternal             : exinfo->userseek           = 00007FFDFF3EE640
[LOG] SystemI::createSoundInternal             : exinfo->fileuserdata       = 00000000596090E8
[LOG] SystemI::createSoundInternal             : exinfo->initialseekpostype = 1
[LOG] SystemI::DSPCodecPoolRegister            : register codec pool for pool type 5
[LOG] SystemI::createSoundInternal             : Sample 0/1: name='steps_10', format=2, channels=2, frequency=48000, lengthbytes=5856, lengthpcm=24000, pcmblocksize=0, loopstart=0, loopend=0, mode=0x00000000, channelmask=0x00000000, channelorder=0, peakvolume=0.314728.
[LOG] SystemI::createSoundInternal             : Create name='', mode=0x02000202
[LOG] SystemI::createSoundInternal             : exinfo->cbsize             = 232
[LOG] SystemI::createSoundInternal             : exinfo->length             = 34176
[LOG] SystemI::createSoundInternal             : exinfo->fileoffset         = 6816
[LOG] SystemI::createSoundInternal             : exinfo->numsubsounds       = 1
[LOG] SystemI::createSoundInternal             : exinfo->inclusionlist      = 000000004C59F5FC
[LOG] SystemI::createSoundInternal             : exinfo->inclusionlistnum   = 1
[LOG] SystemI::createSoundInternal             : exinfo->suggestedsoundtype = 5
[LOG] SystemI::createSoundInternal             : exinfo->useropen           = 00007FFDFF3EE4B0
[LOG] SystemI::createSoundInternal             : exinfo->userclose          = 00007FFDFF3EE480
[LOG] SystemI::createSoundInternal             : exinfo->userread           = 00007FFDFF3EE580
[LOG] SystemI::createSoundInternal             : exinfo->userseek           = 00007FFDFF3EE640
[LOG] SystemI::createSoundInternal             : exinfo->fileuserdata       = 00000000669256B8
[LOG] SystemI::createSoundInternal             : exinfo->initialseekpostype = 1
[LOG] SystemI::DSPCodecPoolRegister            : register codec pool for pool type 5
[LOG] SystemI::createSoundInternal             : Sample 0/1: name='Animal_choose_menu', format=2, channels=2, frequency=48000, lengthbytes=1408, lengthpcm=9728, pcmblocksize=0, loopstart=0, loopend=0, mode=0x00000000, channelmask=0x00000000, channelorder=0, peakvolume=0.494924.
[LOG] SystemI::createSoundInternal             : Create name='', mode=0x02000202
[LOG] SystemI::createSoundInternal             : exinfo->cbsize             = 232
[LOG] SystemI::createSoundInternal             : exinfo->length             = 34176
[LOG] SystemI::createSoundInternal             : exinfo->fileoffset         = 6816
[LOG] SystemI::createSoundInternal             : exinfo->numsubsounds       = 1
[LOG] SystemI::createSoundInternal             : exinfo->inclusionlist      = 000000004C59F5FC
[LOG] SystemI::createSoundInternal             : exinfo->inclusionlistnum   = 1
[LOG] SystemI::createSoundInternal             : exinfo->suggestedsoundtype = 5
[LOG] SystemI::createSoundInternal             : exinfo->useropen           = 00007FFDFF3EE4B0
[LOG] SystemI::createSoundInternal             : exinfo->userclose          = 00007FFDFF3EE480
[LOG] SystemI::createSoundInternal             : exinfo->userread           = 00007FFDFF3EE580
[LOG] SystemI::createSoundInternal             : exinfo->userseek           = 00007FFDFF3EE640
[LOG] SystemI::createSoundInternal             : exinfo->fileuserdata       = 00000000669256B8
[LOG] SystemI::createSoundInternal             : exinfo->initialseekpostype = 1
[LOG] SystemI::DSPCodecPoolRegister            : register codec pool for pool type 5
[LOG] SystemI::createSoundInternal             : Sample 0/1: name='Pause_Click', format=2, channels=2, frequency=48000, lengthbytes=9984, lengthpcm=32834, pcmblocksize=0, loopstart=0, loopend=0, mode=0x00000000, channelmask=0x00000000, channelorder=0, peakvolume=0.414073.
[LOG] SystemI::createSoundInternal             : Create name='', mode=0x02000202
[LOG] SystemI::createSoundInternal             : exinfo->cbsize             = 232
[LOG] SystemI::createSoundInternal             : exinfo->length             = 34176
[LOG] SystemI::createSoundInternal             : exinfo->fileoffset         = 6816
[LOG] SystemI::createSoundInternal             : exinfo->numsubsounds       = 1
[LOG] SystemI::createSoundInternal             : exinfo->inclusionlist      = 000000004C59F5FC
[LOG] SystemI::createSoundInternal             : exinfo->inclusionlistnum   = 1
[LOG] SystemI::createSoundInternal             : exinfo->suggestedsoundtype = 5
[LOG] SystemI::createSoundInternal             : exinfo->useropen           = 00007FFDFF3EE4B0
[LOG] SystemI::createSoundInternal             : exinfo->userclose          = 00007FFDFF3EE480
[LOG] SystemI::createSoundInternal             : exinfo->userread           = 00007FFDFF3EE580
[LOG] SystemI::createSoundInternal             : exinfo->userseek           = 00007FFDFF3EE640
[LOG] SystemI::createSoundInternal             : exinfo->fileuserdata       = 00000000669256B8
[LOG] SystemI::createSoundInternal             : exinfo->initialseekpostype = 1
[LOG] SystemI::DSPCodecPoolRegister            : register codec pool for pool type 5
[LOG] SystemI::createSoundInternal             : Sample 0/1: name='Up_Down_Click', format=2, channels=2, frequency=48000, lengthbytes=2048, lengthpcm=6000, pcmblocksize=0, loopstart=0, loopend=0, mode=0x00000000, channelmask=0x00000000, channelorder=0, peakvolume=0.119139.
[LOG] SystemI::createSoundInternal             : Create name='', mode=0x02000202
[LOG] SystemI::createSoundInternal             : exinfo->cbsize             = 232
[LOG] SystemI::createSoundInternal             : exinfo->length             = 34176
[LOG] SystemI::createSoundInternal             : exinfo->fileoffset         = 6816
[LOG] SystemI::createSoundInternal             : exinfo->numsubsounds       = 1
[LOG] SystemI::createSoundInternal             : exinfo->inclusionlist      = 000000004C59F5FC
[LOG] SystemI::createSoundInternal             : exinfo->inclusionlistnum   = 1
[LOG] SystemI::createSoundInternal             : exinfo->suggestedsoundtype = 5
[LOG] SystemI::createSoundInternal             : exinfo->useropen           = 00007FFDFF3EE4B0
[LOG] SystemI::createSoundInternal             : exinfo->userclose          = 00007FFDFF3EE480
[LOG] SystemI::createSoundInternal             : exinfo->userread           = 00007FFDFF3EE580
[LOG] SystemI::createSoundInternal             : exinfo->userseek           = 00007FFDFF3EE640
[LOG] SystemI::createSoundInternal             : exinfo->fileuserdata       = 00000000669256B8
[LOG] SystemI::createSoundInternal             : exinfo->initialseekpostype = 1
[LOG] SystemI::DSPCodecPoolRegister            : register codec pool for pool type 5
[LOG] SystemI::createSoundInternal             : Sample 0/1: name='Menu_Select_Click', format=2, channels=2, frequency=48000, lengthbytes=7552, lengthpcm=27536, pcmblocksize=0, loopstart=0, loopend=0, mode=0x00000000, channelmask=0x00000000, channelorder=0, peakvolume=0.301535.
[LOG] SystemI::createSound                     : filename = C:\Users\vasco\Documents\Vakuo\fmodproj\Build\Desktop/Animals.bank : mode 02010082
[LOG] SystemI::createSound                     : FMOD_NONBLOCKING specified.  Putting into queue to be opened asynchronously!
[LOG] SystemI::createSound                     : setdata soundi = 0000000057207288 : node = 0000000057295070
[LOG] SystemI::createSound                     : add node to async list : head = 000000003ECFAD28.  list count = 0
[LOG] AsyncThread::threadFunc                  : Starting Asynchronous operation on sound 0000000057207288
[LOG] SystemI::createSoundInternal             :     Create name='C:\Users\vasco\Documents\Vakuo\fmodproj\Build\Desktop/Animals.bank', mode=0x02010082
[LOG] SystemI::createSoundInternal             :     exinfo->cbsize             = 232
[LOG] SystemI::createSoundInternal             :     exinfo->length             = 227808
[LOG] SystemI::createSoundInternal             :     exinfo->fileoffset         = 7744
[LOG] SystemI::createSoundInternal             :     exinfo->numsubsounds       = 1
[LOG] SystemI::createSoundInternal             :     exinfo->inclusionlist      = 0000000057295188
[LOG] SystemI::createSoundInternal             :     exinfo->inclusionlistnum   = 1
[LOG] SystemI::createSoundInternal             :     exinfo->suggestedsoundtype = 5
[LOG] SystemI::createSoundInternal             :     exinfo->initialseekpostype = 1
[LOG] SystemI::createSoundInternal             :     Stream 0/1: name='growl2', format=2, channels=2, frequency=48000, lengthbytes=29984, lengthpcm=158858, pcmblocksize=0, loopstart=0, loopend=0, mode=0x00000000, channelmask=0x00000000, channelorder=0, peakvolume=0.975225.
[LOG] AsyncThread::threadFunc                  : Finished Asynchronous operation on sound 0000000057207288
[LOG] SoundI::getSubSound                      : sound 0000000057207288.  Subsound index 0 / 1
[LOG] SystemI::createSoundInternal             : Create name='', mode=0x02000202
[LOG] SystemI::createSoundInternal             : exinfo->cbsize             = 232
[LOG] SystemI::createSoundInternal             : exinfo->length             = 242784
[LOG] SystemI::createSoundInternal             : exinfo->fileoffset         = 21312
[LOG] SystemI::createSoundInternal             : exinfo->numsubsounds       = 1
[LOG] SystemI::createSoundInternal             : exinfo->inclusionlist      = 000000004C59F5FC
[LOG] SystemI::createSoundInternal             : exinfo->inclusionlistnum   = 1
[LOG] SystemI::createSoundInternal             : exinfo->suggestedsoundtype = 5
[LOG] SystemI::createSoundInternal             : exinfo->useropen           = 00007FFDFF3EE4B0
[LOG] SystemI::createSoundInternal             : exinfo->userclose          = 00007FFDFF3EE480
[LOG] SystemI::createSoundInternal             : exinfo->userread           = 00007FFDFF3EE580
[LOG] SystemI::createSoundInternal             : exinfo->userseek           = 00007FFDFF3EE640
[LOG] SystemI::createSoundInternal             : exinfo->fileuserdata       = 000000005737B538
[LOG] SystemI::createSoundInternal             : exinfo->initialseekpostype = 1
[LOG] SystemI::DSPCodecPoolRegister            : register codec pool for pool type 5
[LOG] SystemI::createSoundInternal             : Sample 0/1: name='Spin', format=2, channels=2, frequency=48000, lengthbytes=7680, lengthpcm=29542, pcmblocksize=0, loopstart=0, loopend=0, mode=0x00000000, channelmask=0x00000000, channelorder=0, peakvolume=0.355163.
[LOG] SoundI::release                          : growl2 (0000000057207288)
[LOG] SoundI::release                          :     growl2 (000000003ECFD2D8)
[LOG] SoundI::release                          :     growl2 (0000000057207438)
[LOG] SystemI::createSound                     : filename = C:\Users\vasco\Documents\Vakuo\fmodproj\Build\Desktop/Effects.bank : mode 02010082
[LOG] SystemI::createSound                     : FMOD_NONBLOCKING specified.  Putting into queue to be opened asynchronously!
[LOG] SystemI::createSound                     : setdata soundi = 0000000057207288 : node = 0000000057293CC0
[LOG] SystemI::createSound                     : add node to async list : head = 000000003ECFAD28.  list count = 0
[LOG] AsyncThread::threadFunc                  : Starting Asynchronous operation on sound 0000000057207288
[LOG] SystemI::createSoundInternal             :     Create name='C:\Users\vasco\Documents\Vakuo\fmodproj\Build\Desktop/Effects.bank', mode=0x02010082
[LOG] SystemI::createSoundInternal             :     exinfo->cbsize             = 232
[LOG] SystemI::createSoundInternal             :     exinfo->length             = 1670336
[LOG] SystemI::createSoundInternal             :     exinfo->fileoffset         = 14592
[LOG] SystemI::createSoundInternal             :     exinfo->numsubsounds       = 1
[LOG] SystemI::createSoundInternal             :     exinfo->inclusionlist      = 0000000057293DD8
[LOG] SystemI::createSoundInternal             :     exinfo->inclusionlistnum   = 1
[LOG] SystemI::createSoundInternal             :     exinfo->suggestedsoundtype = 5
[LOG] SystemI::createSoundInternal             :     exinfo->initialseekposition = 3068
[LOG] SystemI::createSoundInternal             :     exinfo->initialseekpostype = 1
[LOG] SystemI::createSoundInternal             :     Stream 0/1: name='stinger5', format=2, channels=2, frequency=48000, lengthbytes=100480, lengthpcm=557056, pcmblocksize=0, loopstart=0, loopend=0, mode=0x00000000, channelmask=0x00000000, channelorder=0, peakvolume=0.221849.
[LOG] AsyncThread::threadFunc                  : Finished Asynchronous operation on sound 0000000057207288
[LOG] SoundI::getSubSound                      : sound 0000000057207288.  Subsound index 0 / 1
[LOG] SoundI::release                          : stinger5 (0000000057205FF8)
[LOG] SoundI::release                          :     stinger5 (000000003ECCADB8)
[LOG] SoundI::release                          :     stinger5 (0000000057206D78)
[LOG] SystemI::createSound                     : filename = C:\Users\vasco\Documents\Vakuo\fmodproj\Build\Desktop/Animals.bank : mode 02010082
[LOG] SystemI::createSound                     : FMOD_NONBLOCKING specified.  Putting into queue to be opened asynchronously!
[LOG] SystemI::createSound                     : setdata soundi = 0000000057206D78 : node = 0000000057293F60
[LOG] SystemI::createSound                     : add node to async list : head = 000000003ECFAD28.  list count = 0
[LOG] AsyncThread::threadFunc                  : Starting Asynchronous operation on sound 0000000057206D78
[LOG] SystemI::createSoundInternal             :     Create name='C:\Users\vasco\Documents\Vakuo\fmodproj\Build\Desktop/Animals.bank', mode=0x02010082
[LOG] SystemI::createSoundInternal             :     exinfo->cbsize             = 232
[LOG] SystemI::createSoundInternal             :     exinfo->length             = 227808
[LOG] SystemI::createSoundInternal             :     exinfo->fileoffset         = 7744
[LOG] SystemI::createSoundInternal             :     exinfo->numsubsounds       = 1
[LOG] SystemI::createSoundInternal             :     exinfo->inclusionlist      = 0000000057294078
[LOG] SystemI::createSoundInternal             :     exinfo->inclusionlistnum   = 1
[LOG] SystemI::createSoundInternal             :     exinfo->suggestedsoundtype = 5
[LOG] SystemI::createSoundInternal             :     exinfo->initialseekpostype = 1
[LOG] SystemI::createSoundInternal             :     Stream 0/1: name='growl3', format=2, channels=2, frequency=48000, lengthbytes=32480, lengthpcm=194160, pcmblocksize=0, loopstart=0, loopend=0, mode=0x00000000, channelmask=0x00000000, channelorder=0, peakvolume=0.975666.
[LOG] AsyncThread::threadFunc                  : Finished Asynchronous operation on sound 0000000057206D78
[LOG] SoundI::getSubSound                      : sound 0000000057206D78.  Subsound index 0 / 1
[LOG] SystemI::createSound                     : filename = C:\Users\vasco\Documents\Vakuo\fmodproj\Build\Desktop/Effects.bank : mode 02010082
[LOG] SystemI::createSound                     : FMOD_NONBLOCKING specified.  Putting into queue to be opened asynchronously!
[LOG] SystemI::createSound                     : setdata soundi = 0000000057205FF8 : node = 0000000057295070
[LOG] SystemI::createSound                     : add node to async list : head = 000000003ECFAD28.  list count = 0
[LOG] AsyncThread::threadFunc                  : Starting Asynchronous operation on sound 0000000057205FF8
[LOG] SystemI::createSoundInternal             :     Create name='C:\Users\vasco\Documents\Vakuo\fmodproj\Build\Desktop/Effects.bank', mode=0x02010082
[LOG] SystemI::createSoundInternal             :     exinfo->cbsize             = 232
[LOG] SystemI::createSoundInternal             :     exinfo->length             = 1670336
[LOG] SystemI::createSoundInternal             :     exinfo->fileoffset         = 14592
[LOG] SystemI::createSoundInternal             :     exinfo->numsubsounds       = 1
[LOG] SystemI::createSoundInternal             :     exinfo->inclusionlist      = 0000000057295188
[LOG] SystemI::createSoundInternal             :     exinfo->inclusionlistnum   = 1
[LOG] SystemI::createSoundInternal             :     exinfo->suggestedsoundtype = 5
[LOG] SystemI::createSoundInternal             :     exinfo->initialseekposition = 2989
[LOG] SystemI::createSoundInternal             :     exinfo->initialseekpostype = 1
[LOG] SystemI::createSoundInternal             :     Stream 0/1: name='stinger5', format=2, channels=2, frequency=48000, lengthbytes=100480, lengthpcm=557056, pcmblocksize=0, loopstart=0, loopend=0, mode=0x00000000, channelmask=0x00000000, channelorder=0, peakvolume=0.221849.
[LOG] AsyncThread::threadFunc                  : Finished Asynchronous operation on sound 0000000057205FF8
[LOG] SoundI::getSubSound                      : sound 0000000057205FF8.  Subsound index 0 / 1
[LOG] SoundI::release                          : stinger5 (0000000057207288)
[LOG] SoundI::release                          :     stinger5 (000000006663AE08)
[LOG] SoundI::release                          :     stinger5 (0000000057207438)
[LOG] SoundI::release                          : growl3 (0000000057206D78)
[LOG] SoundI::release                          :     growl3 (000000006663AAC8)
[LOG] SoundI::release                          :     growl3 (00000000572075E8)
[LOG] SoundI::release                          : Game_play_main_music (0000000057206BC8)
[LOG] SoundI::release                          :     Game_play_main_music (000000003F6C9A68)
[LOG] SoundI::release                          :     Game_play_main_music (0000000057206F28)
[LOG] SoundI::release                          : Bass_Bell_Transition (0000000057205C98)
[LOG] SoundI::release                          :     Bass_Bell_Transition (000000003F6C9DA8)
[LOG] SoundI::release                          :     Bass_Bell_Transition (0000000057205938)
[LOG] SoundI::release                          : stinger5 (0000000057205FF8)
[LOG] SoundI::release                          :     stinger5 (000000006663B628)
[LOG] SoundI::release                          :     stinger5 (0000000030E4CF18)
[LOG] SoundI::release                          :  (000000003EF98F28)
[LOG] SoundI::release                          :     Animal_choose_menu (000000003ECCB0F8)
[LOG] SoundI::release                          :  (000000003EF99658)
[LOG] SoundI::release                          :     Up_Down_Click (000000003ECCB298)
[LOG] SoundI::release                          :  (000000003EF99208)
[LOG] SoundI::release                          :     Pause_Click (000000003ECCAF58)
[LOG] SoundI::release                          :  (000000003EF99378)
[LOG] SoundI::release                          :     Menu_Select_Click (000000003ECCAA78)
[LOG] SoundI::release                          :  (000000003ED078B8)
[LOG] SoundI::release                          :     steps_1 (000000006693E1D8)
[LOG] SoundI::release                          :  (000000003EDE8C28)
[LOG] SoundI::release                          :     steps_2 (00000000599C13F8)
[LOG] SoundI::release                          :  (000000003EDE8AB8)
[LOG] SoundI::release                          :     steps_3 (000000005A2F7338)
[LOG] SoundI::release                          :  (000000003ED06BC8)
[LOG] SoundI::release                          :     steps_4 (000000006693DB58)
[LOG] SoundI::release                          :  (000000003ED068E8)
[LOG] SoundI::release                          :     steps_5 (000000006693D678)
[LOG] SoundI::release                          :  (000000003ED06778)
[LOG] SoundI::release                          :     steps_6 (000000006693D9B8)
[LOG] SoundI::release                          :  (000000003EDE7C58)
[LOG] SoundI::release                          :     steps_7 (00000000599C0F18)
[LOG] SoundI::release                          :  (000000003EDE97A8)
[LOG] SoundI::release                          :     steps_8 (00000000599C10B8)
[LOG] SoundI::release                          :  (000000003EDE9918)
[LOG] SoundI::release                          :     steps_9 (00000000599C1258)
[LOG] SoundI::release                          :  (000000003EF98DB8)
[LOG] SoundI::release                          :     steps_10 (00000000670EAE58)
[LOG] SoundI::release                          :  (000000003EDE9638)
[LOG] SoundI::release                          :     steps_11 (00000000670EAB18)
[LOG] SoundI::release                          :  (000000003EDE91E8)
[LOG] SoundI::release                          :     steps_12 (000000005A2F7CF8)
[LOG] SoundI::release                          :  (000000003EDE9078)
[LOG] SoundI::release                          :     steps_13 (00000000670EA7D8)
[LOG] SoundI::release                          :  (000000003EDE94C8)
[LOG] SoundI::release                          :     steps_14 (00000000670EA978)
[LOG] SoundI::release                          :  (000000003EDE84F8)
[LOG] SoundI::release                          :     steps_15 (000000005A2F6FF8)
[LOG] SoundI::release                          :  (000000003EDE7F38)
[LOG] SoundI::release                          :     steps_16 (00000000599C18D8)
[LOG] SoundI::release                          :  (000000003EDE8388)
[LOG] SoundI::release                          :     steps_17 (000000005A2F79B8)
[LOG] SoundI::release                          :  (000000003EDE8948)
[LOG] SoundI::release                          :     steps_18 (000000005A2F7198)
[LOG] SoundI::release                          :  (000000003EDE8D98)
[LOG] SoundI::release                          :     steps_19 (00000000599C1A78)
[LOG] SoundI::release                          :  (000000003EDE7AE8)
[LOG] SoundI::release                          :     steps_20 (00000000599C0D78)
[LOG] SoundI::release                          :  (000000003EF98968)
[LOG] SoundI::release                          :     steps_21 (00000000670EA498)
[LOG] SoundI::release                          :  (000000003ED07188)
[LOG] SoundI::release                          :     steps_22 (000000006693E038)
[LOG] SoundI::release                          :  (000000003EDE7DC8)
[LOG] SoundI::release                          :     steps_23 (000000005A2F74D8)
[LOG] SoundI::release                          :  (000000003EDE8F08)
[LOG] SoundI::release                          :     steps_24 (00000000599C1598)
[LOG] SoundI::release                          :  (000000003EDE9358)
[LOG] SoundI::release                          :     steps_25 (00000000599C1738)
[LOG] SoundI::release                          :  (000000003EDE8668)
[LOG] SoundI::release                          :     steps_26 (000000005A2F7B58)
[LOG] SoundI::release                          :  (000000003EDE8218)
[LOG] SoundI::release                          :     steps_27 (000000005A2F7818)
[LOG] SoundI::release                          :  (000000003EF98688)
[LOG] SoundI::release                          :     steps_28 (00000000670EACB8)
[LOG] SoundI::release                          :  (000000003EF987F8)
[LOG] SoundI::release                          :     steps_29 (00000000670EAFF8)
[LOG] SoundI::release                          :  (000000003ED07018)
[LOG] SoundI::release                          :     steps_30 (000000006693D4D8)
[LOG] SoundI::release                          :  (000000003ED07468)
[LOG] SoundI::release                          :     steps_31 (000000006693DCF8)
[LOG] SoundI::release                          :  (000000003ED075D8)
[LOG] SoundI::release                          :     steps_32 (000000006693DE98)
[LOG] SoundI::release                          :  (000000003ED06A58)
[LOG] SoundI::release                          :     steps_33 (000000006693D818)
[LOG] SoundI::release                          :  (000000003EDE80A8)
[LOG] SoundI::release                          :     steps_34 (000000005A2F7678)
[LOG] SoundI::release                          :  (00000000318CC548)
[LOG] SoundI::release                          :     Spin (000000003ECFAD78)
[LOG] SoundI::release                          :  (000000003ED06048)
[LOG] SoundI::release                          :     cry1 (000000003F6C9C08)
[LOG] SoundI::release                          :  (000000003ED072F8)
[LOG] SoundI::release                          :     Elephant_appear (000000003F6C9728)
[LOG] SoundI::release                          :  (000000003ED06498)
[LOG] SoundI::release                          :     flying platform 3 (000000003F6C9588)
[LOG] Thread::callback                         : FMOD Studio update thread finished.
[LOG] Thread::callback                         : FMOD Studio bank load thread finished.
[LOG] Profile::disconnectAll                   : Profiler disconnecting all clients
[LOG] Thread::callback                         : FMOD Studio sample load thread finished.
[LOG] LiveUpdate::release                      : 
[LOG] LiveUpdate::reset                        : Reset connection (reason Disconnected)
[LOG] Thread::callback                         : FMOD stream thread finished.
[LOG] Thread::callback                         : FMOD mixer thread finished.
[LOG] Profile::disconnectAll                   : Profiler disconnecting all clients
[LOG] Thread::callback                         : FMOD nonblocking thread (0) finished.
[LOG] Thread::callback                         : FMOD file thread finished.
[LOG] SystemI::close                           : Closed.
